----------------------------------------------------------------------------------------------------
Startpoint: prod_reg_reg[0][6]/Q
    (Clocked by clk R)
Endpoint: round_reg_reg[30]/DATA
    (Clocked by clk R)
Path Group: default
Data required time: 9719.7
    (Clock shift: 10000.0, minus Uncertainty: 0.0, plus Latency 0.0, minus Setup time: 280.3)
Data arrival time: 9520.7
Slack: 199.0
Logic depth: 40
----------------------------------------------------------------------------------------------------
                                                                 Arrival          Total             
Path                     Module/Cell              Slew    Delay     Time  Edge     Load     Location
                                                  (ps)     (ps)     (ps)           (ff)      (um,um)
----------------------------------------------------------------------------------------------------
clk                      {create_clock}                     0.0      0.0     r      0.0     0,  619 
prod_reg_reg[0][6]/CLK->Q
                         DFFC*                     0.0    813.1    813.1    rf    274.8   506,  579 
i_59_72/i_422/A->Z       BUFI4                    92.7     97.7    910.7    fr     26.5   101, 1041 
i_59_72/i_419/A->Z       NAND2                    50.1    170.3   1081.0    rf     49.8   101, 1041 
i_59_72/i_502/A->Z       NAND2                   118.7    127.5   1208.5    fr     26.5   101, 1041 
i_59_72/i_500/A->Z       NAND2                    76.7    155.1   1363.6    rf     37.5   101, 1041 
i_59_72/i_482/A->Z       NOR2                     98.3    152.9   1516.5    fr     16.6   101, 1041 
i_59_72/i_481/A->Z       NAND2                    89.0    153.2   1669.8    rf     34.4   101, 1041 
i_59_72/i_478/A->Z       NAND4                    93.2    121.4   1791.2    fr     17.4   101, 1041 
i_59_72/i_477/B->Z       NAND2                    98.8    114.5   1905.7    rf     16.8   101, 1041 
i_59_72/i_476/B->Z       NOR2                     64.4    260.5   2166.2    fr     62.9   101, 1041 
i_59_72/i_472/B->Z       NOR2                    209.8     90.4   2256.6    rf     16.8   101, 1041 
i_59_72/i_471/B->Z       NOR2                     57.6    123.4   2380.0    fr     16.6   101, 1041 
i_59_72/i_470/A->Z       NAND2                    89.0    161.0   2541.0    rf     38.1   101, 1041 
i_59_72/i_467/A->Z       NAND2                    99.3    132.5   2673.5    fr     34.4   101, 1041 
i_59_72/i_465/A->Z       NAND2                    87.1    113.7   2787.2    rf     16.6   101, 1041 
i_59_72/i_464/A->Z       NAND2                    64.1     88.2   2875.4    fr     16.6   101, 1041 
i_59_72/i_462/A->Z       NAND2*                   63.8    604.1   3479.5    rf   1726.2   101, 1041 
i_59_0_11/SEL->Z         MUX2                     92.7    284.4   3763.8    fr     17.1   101, 1041 
i_59_75/i_187/B->Z       NAND2                    49.6    104.2   3868.0    rf     16.1   101, 1041 
i_59_75/i_185/A->Z       NOR2                     63.2    210.0   4078.0    fr     39.2   101, 1041 
i_59_75/i_175/A->Z       NAND4                   147.8    304.4   4382.5    rf     39.2   101, 1041 
i_59_75/i_173/A->Z       NAND2                   212.9    209.1   4591.5    fr     55.5   101, 1041 
i_59_75/i_10/A->Z        NAND3*                  115.0    293.8   4885.3    rf     40.0   101, 1041 
i_59_75/i_16/A->Z        BUFI4                    92.7    108.8   4994.1    fr     37.0   101, 1041 
i_59_75/i_18/A->Z        NOR2                     58.2    184.0   5178.1    rf     79.4   101, 1041 
i_59_76/i_151/B->Z       NOR3*                   126.0    498.9   5677.0    fr     65.3   101, 1041 
i_59_76/i_149/A->Z       NAND2                    92.7    211.1   5888.1    rf     61.3   101, 1041 
i_59_76/i_145/B->Z       NOR2                    137.7    255.5   6143.6    fr     47.9   101, 1041 
i_59_76/i_144/A->Z       BUFI4                   170.5     94.6   6238.2    rf     45.1   101, 1041 
i_59_76/i_143/D->Z       NOR4*                    48.0    324.4   6562.6    fr     50.8   101, 1041 
i_59_76/i_139/A->Z       NAND4*                   92.7    365.0   6927.6    rf     68.4   101, 1041 
i_59_76/i_138/D->Z       NOR4*                    92.7    352.5   7280.1    fr     50.8   101, 1041 
i_59_76/i_134/A->Z       NAND4*                   92.7    365.0   7645.1    rf     68.4   101, 1041 
i_59_76/i_133/D->Z       NOR4*                    92.7    369.7   8014.8    fr     59.9   101, 1041 
i_59_76/i_127/A->Z       NAND3*                   92.7    223.0   8237.8    rf     22.0   101, 1041 
i_59_76/i_126/A->Z       BUFI4                    83.5    116.0   8353.8    fr     48.0   101, 1041 
i_59_76/i_123/A->Z       NAND2                    66.7    177.6   8531.4    rf     50.2   101, 1041 
i_59_76/i_36/A->Z        BUFI4                   119.3    109.2   8640.6    fr     26.5   101, 1041 
i_59_76/i_32/B->Z        AOI22                    50.1    174.0   8814.5    rf     13.6   101, 1041 
i_59_0_81/A->Z           MUX2                    115.0    397.4   9211.9    ff     73.0   101, 1041 
i_29_0_30/A->Z           MUX2                     91.6    308.8   9520.7    ff     13.5   259,  923 
round_reg_reg[30]/DATA   DFFC                     55.9      0.0   9520.7     f            259,  923 
----------------------------------------------------------------------------------------------------
