----------------------------------------------------------------------------------------------------
Startpoint: prod_reg_reg[10][1]/Q
    (Clocked by clk R)
Endpoint: round_reg_reg[31]/DATA
    (Clocked by clk R)
Path Group: default
Data required time: 11719.7
    (Clock shift: 12000.0, minus Uncertainty: 0.0, plus Latency 0.0, minus Setup time: 280.3)
Data arrival time: 10586.1
Slack: 1133.5
Logic depth: 40
----------------------------------------------------------------------------------------------------
                                                                 Arrival          Total             
Path                     Module/Cell              Slew    Delay     Time  Edge     Load     Location
                                                  (ps)     (ps)     (ps)           (ff)      (um,um)
----------------------------------------------------------------------------------------------------
clk                      {create_clock}                     0.0      0.0     r      0.0   661,    0 
prod_reg_reg[10][1]/CLK->Q
                         DFFC*                     0.0    845.8    845.8    rf    376.3   450,  490 
i_59_72/i_398/B->Z       NOR2                     92.7    202.2   1048.0    fr     37.5   101,  587 
i_59_72/i_473/A->Z       NOR2                    143.3    112.3   1160.4    rf     16.8   101,  587 
i_59_72/i_472/B->Z       NOR2                     57.6    186.4   1346.8    fr     38.3   101,  587 
i_59_72/i_469/B->Z       NOR2                    145.3     88.8   1435.6    rf     16.8   101,  587 
i_59_72/i_465/B->Z       NOR2                     57.6    246.7   1682.2    fr     59.3   101,  587 
i_59_72/i_460/B->Z       NOR2                    200.3     90.2   1772.4    rf     16.8   101,  587 
i_59_72/i_459/B->Z       NOR2                     57.6    263.3   2035.7    fr     65.2   101,  587 
i_59_72/i_397/B->Z       NOR2                    215.7     88.7   2124.4    rf     16.1   101,  587 
i_59_72/i_390/A->Z       NOR2                     56.8    275.8   2400.2    fr     62.9   101,  587 
i_59_72/i_378/B->Z       NOR2                    209.8     90.4   2490.6    rf     16.8   101,  587 
i_59_72/i_337/B->Z       NOR2                     57.6    123.4   2614.0    fr     16.6   101,  587 
i_59_72/i_336/A->Z       NAND2                    89.0    161.0   2774.9    rf     38.1   101,  587 
i_59_72/i_290/A->Z       NAND2                    99.3    132.5   2907.4    fr     34.4   101,  587 
i_59_72/i_227/A->Z       NAND2                    87.1    113.7   3021.1    rf     16.6   101,  587 
i_59_72/i_225/A->Z       NAND2                    64.1     88.2   3109.4    fr     16.6   101,  587 
i_59_72/i_224/A->Z       NAND2*                   63.8    604.1   3713.4    rf   1726.2   101,  587 
i_59_0_11/SEL->Z         MUX2                     92.7    284.4   3997.8    fr     17.1   101,  587 
i_59_75/i_180/B->Z       NAND2                    49.6    104.2   4102.0    rf     16.1   101,  587 
i_59_75/i_179/A->Z       NOR2                     63.2    210.0   4312.0    fr     39.2   101,  587 
i_59_75/i_32/A->Z        NAND4                   147.8    304.4   4616.4    rf     39.2   101,  587 
i_59_75/i_27/A->Z        NAND2                   212.9    197.2   4813.6    fr     49.4   101,  587 
i_59_75/i_23/A->Z        BUFI4                   106.9    109.6   4923.3    rf     72.8   101,  587 
i_59_75/i_19/B->Z        NOR2                     61.8    278.7   5202.0    fr     69.8   101,  587 
i_59_75/i_14/A->Z        NOR2*                   227.9    338.9   5540.9    rf    117.5   101,  587 
i_59_76/i_101/A->Z       BUFI4                    92.7     86.7   5627.7    fr     16.3   101,  587 
i_59_76/i_99/A->Z        NAND2                    42.3    143.5   5771.2    rf     38.3   101,  587 
i_59_76/i_97/B->Z        NOR2                     99.6    283.8   6055.0    fr     64.6   101,  587 
i_59_76/i_95/A->Z        NAND2                   214.2    256.0   6310.9    rf     61.9   101,  587 
i_59_76/i_88/C->Z        NOR4*                   138.6    438.7   6749.6    fr     50.8   101,  587 
i_59_76/i_82/A->Z        NAND4                    92.7    321.7   7071.3    rf     51.3   101,  587 
i_59_76/i_76/D->Z        NOR4*                   248.4    450.6   7521.9    fr     50.8   101,  587 
i_59_76/i_70/A->Z        NAND4                    92.7    321.7   7843.5    rf     51.3   101,  587 
i_59_76/i_64/D->Z        NOR4*                   248.4    450.6   8294.1    fr     50.8   101,  587 
i_59_76/i_58/A->Z        NAND4                    92.7    321.7   8615.8    rf     51.3   101,  587 
i_59_76/i_52/D->Z        NOR4*                   248.4    450.6   9066.3    fr     50.8   101,  587 
i_59_76/i_46/A->Z        NAND4                    92.7    321.7   9388.0    rf     51.3   101,  587 
i_59_76/i_41/D->Z        NOR4*                   248.4    451.1   9839.1    fr     51.0   101,  587 
i_59_76/i_33/A->Z        NOR2                     92.7     93.5   9932.6    rf     12.9   101,  587 
i_59_0_82/A->Z           MUX2                     53.3    348.7  10281.3    ff     59.7   101,  587 
i_29_0_31/A->Z           MUX2                     84.3    304.9  10586.1    ff     13.5   300,  607 
round_reg_reg[31]/DATA   DFFC                     55.9      0.0  10586.1     f            300,  607 
----------------------------------------------------------------------------------------------------
