----------------------------------------------------------------------------------------------------
Startpoint: prod_reg_reg[10][1]/Q
    (Clocked by clk R)
Endpoint: round_reg_reg[32]/DATA
    (Clocked by clk R)
Path Group: default
Data required time: 14719.7
    (Clock shift: 15000.0, minus Uncertainty: 0.0, plus Latency 0.0, minus Setup time: 280.3)
Data arrival time: 13773.1
Slack: 946.6
Logic depth: 50
----------------------------------------------------------------------------------------------------
                                                                 Arrival          Total             
Path                     Module/Cell              Slew    Delay     Time  Edge     Load     Location
                                                  (ps)     (ps)     (ps)           (ff)      (um,um)
----------------------------------------------------------------------------------------------------
clk                      {create_clock}                     0.0      0.0     r      0.0   251, 1506 
prod_reg_reg[10][1]/CLK->Q
                         DFFC*                     0.0    794.5    794.5    rf    229.9   458,  668 
rt_shieldBuf/IN->Z       BUF1#*                   92.7    503.7   1298.2    ff    426.1   666,  717 
i_59_72/i_398/B->Z       NOR2                     92.7    155.6   1453.8    fr     21.5   101, 1401 
i_59_72/i_397/A->Z       BUFI4                   101.8     68.6   1522.3    rf     26.8   101, 1401 
i_59_72/i_395/C->Z       AOI22*                   39.2    312.7   1835.0    fr     32.7   101, 1401 
i_59_72/i_390/C->Z       NOR3                     92.7     88.5   1923.5    rf     10.4   101, 1401 
i_59_72/i_385/C->Z       NOR3*                    69.5    388.8   2312.3    fr     42.9   101, 1401 
i_59_72/i_384/A->Z       BUFI4                    92.7     68.8   2381.1    rf     28.6   101, 1401 
i_59_72/i_383/C->Z       NAND3*                   40.1    170.8   2552.0    fr     17.1   101, 1401 
i_59_72/i_379/A->Z       NAND2                    95.6    168.7   2720.6    rf     40.5   101, 1401 
i_59_72/i_378/A->Z       BUFI4                   103.3    113.1   2833.7    fr     36.5   101, 1401 
i_59_72/i_359/C->Z       NOR3                     57.8     81.2   2914.9    rf     10.4   101, 1401 
i_59_72/i_336/C->Z       NOR3*                    69.5    418.1   3333.0    fr     56.9   101, 1401 
i_59_72/i_309/C->Z       NOR3*                    92.7    130.0   3463.0    rf     18.0   101, 1401 
i_59_72/i_276/D->Z       NOR4*                    83.5    411.4   3874.3    fr     94.4   101, 1401 
i_59_72/i_250/C->Z       NOR3                     92.7     88.5   3962.8    rf     10.4   101, 1401 
i_59_72/i_226/C->Z       NOR3*                    69.5    306.2   4269.0    fr     19.5   101, 1401 
i_59_72/i_224/A->Z       XNOR2*                   83.5    782.9   5051.9    rf   1726.3   101, 1401 
i_59_0_11/SEL->Z         MUX2                     92.7    284.8   5336.7    fr     17.3   101, 1401 
i_59_75/i_75/D->Z        NAND4                    49.9    239.5   5576.2    rf     17.1   101, 1401 
i_59_75/i_71/A->Z        NOR4*                   148.0    402.7   5978.9    fr     17.6   101, 1401 
i_59_75/i_70/B->Z        NOR2                     83.5    108.3   6087.2    rf     34.1   101, 1401 
i_59_75/i_69/B->Z        NOR2                     76.2    181.8   6268.9    fr     33.4   101, 1401 
i_59_75/i_68/B->Z        NAND2                   132.6    167.0   6436.0    rf     38.7   101, 1401 
i_59_75/i_67/A->Z        BUFI4                   100.3    107.1   6543.0    fr     32.2   101, 1401 
i_59_75/i_66/B->Z        NAND2                    54.5    142.4   6685.4    rf     34.1   101, 1401 
i_59_75/i_4/B->Z         XNOR2                    92.7    387.2   7072.6    ff     50.4   101, 1401 
i_59_76/i_62/D->Z        NOR4*                   115.4    341.6   7414.2    fr     39.9   101, 1401 
i_59_76/i_61/A->Z        BUFI4                    92.7     57.6   7471.8    rf     16.5   101, 1401 
i_59_76/i_60/B->Z        NOR2                     34.3    161.9   7633.6    fr     33.9   101, 1401 
i_59_76/i_59/A->Z        NAND2                   134.0    190.8   7824.5    rf     44.3   101, 1401 
i_59_76/i_57/C->Z        NOR3*                   109.6    389.6   8214.1    fr     34.5   101, 1401 
i_59_76/i_56/A->Z        NAND2                    92.7    175.6   8389.6    rf     44.3   101, 1401 
i_59_76/i_54/C->Z        NOR3*                   109.6    389.6   8779.3    fr     34.5   101, 1401 
i_59_76/i_53/A->Z        NAND2                    92.7    175.6   8954.8    rf     44.3   101, 1401 
i_59_76/i_51/C->Z        NOR3*                   109.6    389.6   9344.5    fr     34.5   101, 1401 
i_59_76/i_50/A->Z        NAND2                    92.7    175.6   9520.0    rf     44.3   101, 1401 
i_59_76/i_48/C->Z        NOR3*                   109.6    389.6   9909.6    fr     34.5   101, 1401 
i_59_76/i_47/A->Z        NAND2                    92.7    175.6  10085.2    rf     44.3   101, 1401 
i_59_76/i_45/C->Z        NOR3*                   109.6    389.6  10474.8    fr     34.5   101, 1401 
i_59_76/i_44/A->Z        NAND2                    92.7    175.6  10650.4    rf     44.3   101, 1401 
i_59_76/i_42/C->Z        NOR3*                   109.6    389.6  11040.0    fr     34.5   101, 1401 
i_59_76/i_41/A->Z        NAND2                    92.7    175.6  11215.6    rf     44.3   101, 1401 
i_59_76/i_39/C->Z        NOR3*                   109.6    389.6  11605.2    fr     34.5   101, 1401 
i_59_76/i_38/A->Z        NAND2                    92.7    175.6  11780.8    rf     44.3   101, 1401 
i_59_76/i_36/C->Z        NOR3*                   109.6    389.6  12170.4    fr     34.5   101, 1401 
i_59_76/i_35/A->Z        NAND2                    92.7    175.6  12345.9    rf     44.3   101, 1401 
i_59_76/i_33/C->Z        NOR3*                   109.6    390.2  12736.2    fr     34.7   101, 1401 
i_59_76/i_31/B->Z        XNOR2                    92.7    306.6  13042.8    rf     13.0   101, 1401 
i_59_0_83/A->Z           MUX2                     74.3    411.4  13454.2    ff    108.0   101, 1401 
i_29_0_32/A->Z           MUX2                    110.4    318.9  13773.1    ff     13.5   235, 1110 
round_reg_reg[32]/DATA   DFFC                     55.9      0.0  13773.1     f            235, 1110 
----------------------------------------------------------------------------------------------------
