----------------------------------------------------------------------------------------------------
Startpoint: prod_reg_reg[10][1]/Q
    (Clocked by clk R)
Endpoint: z_reg[32][47]/DATA
    (Clocked by clk R)
Path Group: default
Data required time: 19719.7
    (Clock shift: 20000.0, minus Uncertainty: 0.0, plus Latency 0.0, minus Setup time: 280.3)
Data arrival time: 17962.2
Slack: 1757.5
Logic depth: 85
----------------------------------------------------------------------------------------------------
                                                                 Arrival          Total             
Path                     Module/Cell              Slew    Delay     Time  Edge     Load     Location
                                                  (ps)     (ps)     (ps)           (ff)      (um,um)
----------------------------------------------------------------------------------------------------
clk                      {create_clock}                     0.0      0.0     r      0.0  1364,  627 
prod_reg_reg[10][1]/CLK->Q
                         DFFC*                     0.0    836.9    836.9    rr    276.0   547,  660 
rt_shieldBuf/IN->Z       BUF1#*                   92.7    502.5   1339.4    rr    475.5   491,  792 
i_91_109/i_224/A->Z      BUFI4                    92.7     61.0   1400.4    rf     20.0   822,  275 
i_91_109/i_214/A->Z      AOI22*                   36.0    354.5   1754.9    fr     28.9   822,  275 
i_91_109/i_213/D->Z      AO22                     92.7    279.7   2034.6    rr     30.8   822,  275 
i_91_109/i_211/C->Z      AO22                    125.7    290.4   2325.0    rr     30.7   822,  275 
i_91_109/i_209/C->Z      AOI22*                  125.5    241.7   2566.6    rf     30.6   822,  275 
i_91_109/i_206/C->Z      AOI22*                   92.7    342.2   2908.8    fr     33.1   822,  275 
i_91_109/i_205/A->Z      BUFI4                    92.7     61.3   2970.1    rf     20.4   822,  275 
i_91_109/i_202/C->Z      AOI22*                   36.2    304.3   3274.4    fr     30.6   822,  275 
i_91_109/i_200/C->Z      AOI22*                   92.7    271.8   3546.2    rf     45.7   822,  275 
i_91_109/i_199/B->Z      NAND2                    92.7    101.2   3647.4    fr     10.0   822,  275 
i_91_109/i_197/A->Z      AOI22*                   55.1    258.3   3905.7    rf     30.6   822,  275 
i_91_109/i_194/C->Z      AOI22*                   92.7    342.2   4247.8    fr     33.1   822,  275 
i_91_109/i_193/A->Z      BUFI4                    92.7     61.3   4309.1    rf     20.4   822,  275 
i_91_109/i_190/C->Z      AOI22*                   36.2    312.4   4621.6    fr     33.1   822,  275 
i_91_109/i_189/A->Z      BUFI4                    92.7     61.3   4682.9    rf     20.4   822,  275 
i_91_109/i_186/C->Z      AOI22*                   36.2    312.4   4995.3    fr     33.1   822,  275 
i_91_109/i_185/A->Z      BUFI4                    92.7     61.3   5056.6    rf     20.4   822,  275 
i_91_109/i_182/C->Z      AOI22*                   36.2    312.4   5369.0    fr     33.1   822,  275 
i_91_109/i_181/A->Z      BUFI4                    92.7     61.3   5430.3    rf     20.4   822,  275 
i_91_109/i_178/C->Z      AOI22*                   36.2    312.4   5742.7    fr     33.1   822,  275 
i_91_109/i_177/A->Z      BUFI4                    92.7     61.3   5804.0    rf     20.4   822,  275 
i_91_109/i_174/C->Z      AOI22*                   36.2    312.4   6116.5    fr     33.1   822,  275 
i_91_109/i_173/A->Z      BUFI4                    92.7     61.3   6177.8    rf     20.4   822,  275 
i_91_109/i_170/C->Z      AOI22*                   36.2    336.4   6514.1    fr     41.7   822,  275 
i_91_109/i_169/A->Z      INV                      92.7     62.1   6576.2    rf     10.0   822,  275 
i_91_109/i_168/D->Z      AOI22*                   34.2    341.1   6917.4    fr     33.1   822,  275 
i_91_109/i_167/A->Z      BUFI4                    92.7     61.3   6978.6    rf     20.3   822,  275 
i_91_109/i_166/D->Z      AOI22*                   36.1    342.3   7320.9    fr     33.1   822,  275 
i_91_109/i_165/A->Z      BUFI4                    92.7     61.3   7382.2    rf     20.4   822,  275 
i_91_109/i_162/C->Z      AOI22*                   36.2    312.4   7694.7    fr     33.1   822,  275 
i_91_109/i_161/A->Z      BUFI4                    92.7     61.3   7756.0    rf     20.4   822,  275 
i_91_109/i_158/C->Z      AOI22*                   36.2    312.4   8068.4    fr     33.1   822,  275 
i_91_109/i_157/A->Z      BUFI4                    92.7     61.3   8129.7    rf     20.4   822,  275 
i_91_109/i_154/C->Z      AOI22*                   36.2    312.4   8442.1    fr     33.1   822,  275 
i_91_109/i_153/A->Z      BUFI4                    92.7     61.3   8503.4    rf     20.4   822,  275 
i_91_109/i_150/C->Z      AOI22*                   36.2    312.4   8815.8    fr     33.1   822,  275 
i_91_109/i_149/A->Z      BUFI4                    92.7     61.3   8877.2    rf     20.4   822,  275 
i_91_109/i_146/C->Z      AOI22*                   36.2    312.4   9189.6    fr     33.1   822,  275 
i_91_109/i_145/A->Z      BUFI4                    92.7     61.3   9250.9    rf     20.4   822,  275 
i_91_109/i_142/C->Z      AOI22*                   36.2    312.4   9563.3    fr     33.1   822,  275 
i_91_109/i_141/A->Z      BUFI4                    92.7     61.3   9624.6    rf     20.4   822,  275 
i_91_109/i_138/C->Z      AOI22*                   36.2    312.4   9937.0    fr     33.1   822,  275 
i_91_109/i_137/A->Z      BUFI4                    92.7     76.7  10013.7    rf     37.3   822,  275 
i_91_109/i_134/A->Z      NAND2                    44.3     70.9  10084.7    fr     10.3   822,  275 
i_91_109/i_132/C->Z      AOI22*                   55.5    217.1  10301.7    rf     30.6   822,  275 
i_91_109/i_129/C->Z      AOI22*                   92.7    342.2  10643.9    fr     33.1   822,  275 
i_91_109/i_128/A->Z      BUFI4                    92.7     61.3  10705.2    rf     20.4   822,  275 
i_91_109/i_125/C->Z      AOI22*                   36.2    312.4  11017.6    fr     33.1   822,  275 
i_91_109/i_124/A->Z      BUFI4                    92.7     61.3  11078.9    rf     20.4   822,  275 
i_91_109/i_121/C->Z      AOI22*                   36.2    312.4  11391.3    fr     33.1   822,  275 
i_91_109/i_120/A->Z      BUFI4                    92.7     61.3  11452.6    rf     20.4   822,  275 
i_91_109/i_117/C->Z      AOI22*                   36.2    312.4  11765.1    fr     33.1   822,  275 
i_91_109/i_116/A->Z      BUFI4                    92.7     61.3  11826.4    rf     20.4   822,  275 
i_91_109/i_113/C->Z      AOI22*                   36.2    312.4  12138.8    fr     33.1   822,  275 
i_91_109/i_112/A->Z      BUFI4                    92.7     61.3  12200.1    rf     20.4   822,  275 
i_91_109/i_109/C->Z      AOI22*                   36.2    312.4  12512.5    fr     33.1   822,  275 
i_91_109/i_108/A->Z      BUFI4                    92.7     61.3  12573.8    rf     20.4   822,  275 
i_91_109/i_105/C->Z      AOI22*                   36.2    312.4  12886.2    fr     33.1   822,  275 
i_91_109/i_104/A->Z      BUFI4                    92.7     61.3  12947.5    rf     20.4   822,  275 
i_91_109/i_101/C->Z      AOI22*                   36.2    312.4  13260.0    fr     33.1   822,  275 
i_91_109/i_100/A->Z      BUFI4                    92.7     76.7  13336.7    rf     37.3   822,  275 
i_91_109/i_97/A->Z       NAND2                    44.3     70.9  13407.6    fr     10.3   822,  275 
i_91_109/i_95/C->Z       AOI22*                   55.5    217.1  13624.6    rf     30.6   822,  275 
i_91_109/i_92/C->Z       AOI22*                   92.7    342.2  13966.8    fr     33.1   822,  275 
i_91_109/i_91/A->Z       BUFI4                    92.7     61.3  14028.1    rf     20.4   822,  275 
i_91_109/i_88/C->Z       AOI22*                   36.2    312.4  14340.5    fr     33.1   822,  275 
i_91_109/i_87/A->Z       BUFI4                    92.7     61.3  14401.8    rf     20.4   822,  275 
i_91_109/i_84/C->Z       AOI22*                   36.2    312.4  14714.3    fr     33.1   822,  275 
i_91_109/i_83/A->Z       BUFI4                    92.7     61.3  14775.6    rf     20.4   822,  275 
i_91_109/i_80/C->Z       AOI22*                   36.2    312.4  15088.0    fr     33.1   822,  275 
i_91_109/i_79/A->Z       BUFI4                    92.7     61.3  15149.3    rf     20.4   822,  275 
i_91_109/i_76/C->Z       AOI22*                   36.2    312.4  15461.7    fr     33.1   822,  275 
i_91_109/i_75/A->Z       BUFI4                    92.7     61.3  15523.0    rf     20.4   822,  275 
i_91_109/i_72/C->Z       AOI22*                   36.2    312.4  15835.4    fr     33.1   822,  275 
i_91_109/i_71/A->Z       BUFI4                    92.7     61.3  15896.7    rf     20.4   822,  275 
i_91_109/i_68/C->Z       AOI22*                   36.2    312.4  16209.2    fr     33.1   822,  275 
i_91_109/i_67/A->Z       BUFI4                    92.7     61.3  16270.5    rf     20.4   822,  275 
i_91_109/i_64/C->Z       AOI22*                   36.2    312.4  16582.9    fr     33.1   822,  275 
i_91_109/i_63/A->Z       BUFI4                    92.7     61.3  16644.2    rf     20.4   822,  275 
i_91_109/i_60/C->Z       AOI22*                   36.2    312.4  16956.6    fr     33.1   822,  275 
i_91_109/i_59/A->Z       BUFI4                    92.7     61.3  17017.9    rf     20.4   822,  275 
i_91_109/i_56/C->Z       AOI22*                   36.2    258.8  17276.8    fr     19.8   822,  275 
i_91_109/i_54/A->Z       XNOR2                    83.5    361.4  17638.1    rf     55.0   822,  275 
i_35_0_48/A->Z           MUX2                    120.1    324.1  17962.2    ff     13.5   806,   93 
z_reg[32][47]/DATA       DFFC                     55.9      0.0  17962.2     f            806,   93 
----------------------------------------------------------------------------------------------------
