----------------------------------------------------------------------------------------------------
Startpoint: z_reg[1][8]/Q
    (Clocked by clk R)
Endpoint: round_reg_reg[31]/DATA
    (Clocked by clk R)
Path Group: default
Data required time: 5719.0
    (Clock shift: 6000.0, minus Uncertainty: 0.0, plus Latency 0.0, minus Setup time: 281.0)
Data arrival time: 5718.7
Slack: 0.3
Logic depth: 31
----------------------------------------------------------------------------------------------------
                                                                 Arrival          Total             
Path                     Module/Cell              Slew    Delay     Time  Edge     Load     Location
                                                  (ps)     (ps)     (ps)           (ff)      (um,um)
----------------------------------------------------------------------------------------------------
clk                      {create_clock}                     0.0      0.0     r      0.0     0,  806 
z_reg[1][8]/CLK->Q       DFFC#*                    0.0    797.5    797.5    rr    189.2    81, 1098 
i_2_0_1961/A->Z          BUFI4                    92.7    100.4    898.0    rf     65.8   159, 1390 
i_2_0_1653/A->Z          NAND2                    58.3     86.2    984.1    fr     16.6   159, 1390 
i_2_0_1936/A->Z          NAND2                    63.8    106.3   1090.4    rf     16.8   159, 1390 
i_2_0_1945/B->Z          NOR2                     64.4    126.9   1217.3    fr     16.6   159, 1390 
i_2_0_1632/A->Z          NAND2                    89.0    150.2   1367.5    rf     32.9   159, 1390 
i_2_0_1334/B->Z          NOR2                     90.7    139.8   1507.3    fr     16.6   159, 1390 
i_2_0_1342/B->Z          NAND2                    88.8    112.3   1619.6    rf     16.6   159, 1390 
i_2_0_755/A->Z           NAND2                    64.1     88.2   1707.8    fr     16.6   159, 1390 
i_2_0_831/A->Z           NAND2                    63.8    105.9   1813.7    rf     16.6   159, 1390 
i_2_0_846/A->Z           NAND2                    64.1     88.2   1901.9    fr     16.6   159, 1390 
i_2_0_830/A->Z           NAND2                    63.8    105.9   2007.9    rf     16.6   159, 1390 
i_2_0_611/A->Z           NAND2                    64.1     93.9   2101.8    fr     20.0   159, 1390 
i_2_0_1522/A->Z          NAND3*                   68.2    571.0   2672.8    rf    677.5   159, 1390 
i_2_0_1543/SEL->Z        MUX2                     92.7    337.0   3009.8    fr     50.6   159, 1390 
i_2_0_278/B->Z           NAND2                    93.3    147.6   3157.3    rf     32.9   159, 1390 
i_2_0_364/A->Z           NOR2                     90.7    152.2   3309.6    fr     17.0   159, 1390 
i_2_0_1786/C->Z          NAND4                    89.9    234.8   3544.4    rf     17.6   159, 1390 
i_2_0_153/B->Z           NOR2                    149.5    168.7   3713.1    fr     16.8   159, 1390 
i_2_0_142/B->Z           NOR2                     89.5    108.8   3821.9    rf     33.4   159, 1390 
i_2_0_162/B->Z           XOR2*                    75.4    431.0   4252.9    ff     75.6   159, 1390 
i_2_0_238/A->Z           BUFI4                    92.7    140.1   4393.0    fr     68.5   159, 1390 
i_2_0_1026/A->Z          NAND2                    82.8    147.8   4540.8    rf     32.9   159, 1390 
i_2_0_1079/B->Z          NOR2                     90.7    188.6   4729.4    fr     33.2   159, 1390 
i_2_0_1213/A->Z          NAND2                   132.1    128.5   4857.9    rf     16.8   159, 1390 
i_2_0_1245/B->Z          NOR2                     64.4    126.6   4984.5    fr     16.6   159, 1390 
i_2_0_1385/B->Z          NAND2                    88.8    112.7   5097.2    rf     16.8   159, 1390 
i_2_0_1431/B->Z          NOR2                     64.4    138.2   5235.4    fr     20.5   159, 1390 
i_2_0_1307/SEL->Z        MUX2                     99.0    195.6   5431.0    rr     17.1   159, 1390 
i_2_0_1359/A->Z          NAND2                    49.7    101.2   5532.2    rf     16.6   159, 1390 
i_2_4_3/A->Z             NAND2                    64.1     88.2   5620.4    fr     16.6   159, 1390 
i_2_4_0/A->Z             NAND2                    63.8     98.3   5718.7    rf     13.1   159, 1390 
round_reg_reg[31]/DATA   DFFC#                    58.4      0.0   5718.7     f            159, 1390 
----------------------------------------------------------------------------------------------------
