----------------------------------------------------------------------------------------------------
Startpoint: prod_reg_reg[0][4]/Q
    (Clocked by clk R)
Endpoint: round_reg_reg[31]/DATA
    (Clocked by clk R)
Path Group: default
Data required time: 7719.7
    (Clock shift: 8000.0, minus Uncertainty: 0.0, plus Latency 0.0, minus Setup time: 280.3)
Data arrival time: 7667.7
Slack: 52.0
Logic depth: 38
----------------------------------------------------------------------------------------------------
                                                                 Arrival          Total             
Path                     Module/Cell              Slew    Delay     Time  Edge     Load     Location
                                                  (ps)     (ps)     (ps)           (ff)      (um,um)
----------------------------------------------------------------------------------------------------
clk                      {create_clock}                     0.0      0.0     r      0.0     0,  749 
prod_reg_reg[0][4]/CLK->Q
                         DFFC*                     0.0    834.1    834.1    rf    336.1   774,  620 
i_59_72/i_243/A->Z       BUFI4                    92.7     86.7    920.8    fr     16.3   300, 1073 
i_59_72/i_563/A->Z       NAND2                    42.3    178.7   1099.5    rf     55.4   300, 1073 
i_59_72/i_560/C->Z       NAND4                   128.0    178.3   1277.8    fr     27.7   300, 1073 
i_59_72/i_557/A->Z       NAND3*                  112.8    289.3   1567.1    rf     38.6   300, 1073 
i_59_72/i_526/A->Z       BUFI4                    92.7     92.0   1659.1    fr     21.1   300, 1073 
i_59_72/i_420/A->Z       BUFI4                    46.0     55.5   1714.6    rf     21.1   300, 1073 
i_59_72/i_321/A->Z       BUFI4                    36.5     68.4   1783.1    fr     21.1   300, 1073 
i_59_72/i_234/A->Z       BUFI4                    46.0     51.8   1834.8    rf     16.3   300, 1073 
i_59_72/i_227/A->Z       NAND2                    34.2    125.9   1960.7    fr     48.3   300, 1073 
i_59_72/i_108/A->Z       NOR2                    105.4    104.6   2065.3    rf     16.8   300, 1073 
i_59_72/i_107/B->Z       NOR2                     57.6    254.3   2319.6    fr     62.0   300, 1073 
i_59_72/i_49/A->Z        NOR2                    207.4    103.1   2422.7    rf     10.0   300, 1073 
i_59_72/i_48/C->Z        NOR3*                    50.2    340.5   2763.2    fr     30.1   300, 1073 
i_59_72/i_47/D->Z        AOI22*                   92.7    172.7   2935.9    rf     18.0   300, 1073 
i_59_72/i_46/B->Z        XOR2*                    83.5    354.9   3290.9    ff     34.7   300, 1073 
i_59_73/i_19/A->Z        INV                      92.7     80.9   3371.8    fr     12.6   300, 1073 
i_59_0_21/A->Z           MUX2                     41.1    234.8   3606.6    rr     50.1   300, 1073 
i_59_75/i_36/A->Z        NAND2                    92.7    161.2   3767.8    rf     37.5   300, 1073 
i_59_75/i_38/A->Z        NOR2*                    98.3    352.8   4120.6    fr     99.9   300, 1073 
i_59_75/i_64/B->Z        NAND2                    92.7    136.0   4256.6    rf     27.3   300, 1073 
i_59_75/i_65/C->Z        NOR3*                    81.4    300.6   4557.1    fr     17.3   300, 1073 
i_59_75/i_66/B->Z        NOR2                     83.5    115.8   4673.0    rf     38.7   300, 1073 
i_59_75/i_68/A->Z        BUFI4                    81.2     99.2   4772.2    fr     32.8   300, 1073 
i_59_75/i_69/A->Z        NAND2                    55.0    104.3   4876.4    rf     17.2   300, 1073 
i_59_75/i_70/B->Z        XNOR2                    65.1    491.2   5367.6    ff    115.4   300, 1073 
i_59_76/i_234/A->Z       BUFI4                   181.6    117.2   5484.8    fr     16.3   300, 1073 
i_59_76/i_232/A->Z       NAND2                    42.3     99.1   5583.9    rf     16.8   300, 1073 
i_59_76/i_231/B->Z       NOR2                     64.4    206.9   5790.9    fr     44.1   300, 1073 
i_59_76/i_215/A->Z       NAND2                   160.5    177.7   5968.5    rf     34.8   300, 1073 
i_59_76/i_214/D->Z       NOR4*                    93.9    315.5   6284.1    fr     35.4   300, 1073 
i_59_76/i_212/A->Z       NAND4                    92.7    282.1   6566.1    rf     39.4   300, 1073 
i_59_76/i_205/B->Z       NOR2                    213.5    314.2   6880.3    fr     55.0   300, 1073 
i_59_76/i_204/A->Z       BUFI4                   189.1     62.0   6942.4    rf     16.3   300, 1073 
i_59_76/i_71/A->Z        NAND2                    34.2     85.1   7027.5    fr     21.5   300, 1073 
i_59_76/i_27/A->Z        BUFI4                    70.2     54.9   7082.3    rf     16.5   300, 1073 
i_59_0_76/B->Z           NOR2                     34.3    112.3   7194.6    fr     16.8   300, 1073 
i_59_0_74/B->Z           NOR2                     89.5    155.2   7349.8    rf     63.5   300, 1073 
i_29_0_31/A->Z           MUX2                    108.4    317.8   7667.7    ff     13.5   255,  883 
round_reg_reg[31]/DATA   DFFC                     55.9      0.0   7667.7     f            255,  883 
----------------------------------------------------------------------------------------------------
