----------------------------------------------------------------------------------------------------
Startpoint: prod_reg_reg[0][5]/Q
    (Clocked by clk R)
Endpoint: round_reg_reg[29]/DATA
    (Clocked by clk R)
Path Group: default
Data required time: 8719.7
    (Clock shift: 9000.0, minus Uncertainty: 0.0, plus Latency 0.0, minus Setup time: 280.3)
Data arrival time: 8619.5
Slack: 100.2
Logic depth: 39
----------------------------------------------------------------------------------------------------
                                                                 Arrival          Total             
Path                     Module/Cell              Slew    Delay     Time  Edge     Load     Location
                                                  (ps)     (ps)     (ps)           (ff)      (um,um)
----------------------------------------------------------------------------------------------------
clk                      {create_clock}                     0.0      0.0     r      0.0     0,  611 
prod_reg_reg[0][5]/CLK->Q
                         DFFC*                     0.0    865.0    865.0    rr    361.7   531,  555 
i_59_72/i_430/A->Z       NAND2                    92.7    162.4   1027.4    rf     38.1   105, 1409 
i_59_72/i_535/A->Z       NAND2                    99.3    100.9   1128.3    fr     16.6   105, 1409 
i_59_72/i_531/A->Z       NAND2                    63.8    185.5   1313.8    rf     54.6   105, 1409 
i_59_72/i_512/A->Z       NAND2                   126.6    151.2   1465.0    fr     38.7   105, 1409 
i_59_72/i_499/D->Z       NAND4                    92.8    242.0   1707.0    rf     17.6   105, 1409 
i_59_72/i_498/B->Z       NOR2                    149.5    166.2   1873.3    fr     16.1   105, 1409 
i_59_72/i_493/A->Z       NOR2                     87.5    133.1   2006.4    rf     37.5   105, 1409 
i_59_72/i_488/A->Z       NOR2                     79.9    162.9   2169.3    fr     21.5   105, 1409 
i_59_72/i_487/A->Z       BUFI4                   101.8     61.8   2231.0    rf     19.5   105, 1409 
i_59_72/i_482/A->Z       NAND3                    35.8    127.7   2358.7    fr     17.1   105, 1409 
i_59_72/i_479/A->Z       NAND2                    95.6    163.3   2522.0    rf     38.0   105, 1409 
i_59_72/i_478/A->Z       BUFI4                    99.1     94.7   2616.7    fr     21.1   105, 1409 
i_59_72/i_382/A->Z       BUFI4                    46.0     51.8   2668.5    rf     16.3   105, 1409 
i_59_72/i_471/A->Z       NAND2                    34.2     77.4   2745.9    fr     16.6   105, 1409 
i_59_72/i_470/B->Z       NAND2*                   63.7    606.1   3352.0    rf   1726.2   105, 1409 
i_59_0_7/SEL->Z          MUX2                     92.7    318.3   3670.3    ff     17.1   105, 1409 
i_59_75/i_180/B->Z       NAND2                    58.4    124.8   3795.1    fr     32.8   105, 1409 
i_59_75/i_177/A->Z       NOR2                     85.0     99.0   3894.1    rf     17.0   105, 1409 
i_59_75/i_176/C->Z       NAND4                    57.8    138.3   4032.3    fr     22.4   105, 1409 
i_59_75/i_175/A->Z       BUFI4                   105.7     95.1   4127.5    rf     54.5   105, 1409 
i_59_75/i_174/B->Z       NOR2                     52.6    283.8   4411.2    fr     73.3   105, 1409 
i_59_75/i_19/B->Z        NOR2                    237.0    180.6   4591.8    rf     58.8   105, 1409 
i_59_75/i_11/A->Z        INV                     103.2     78.2   4670.0    fr      9.7   105, 1409 
i_59_75/i_9/B->Z         AOI22*                   37.6    333.6   5003.5    rf     62.6   105, 1409 
i_59_76/i_195/B->Z       NOR3*                    92.7    464.6   5468.1    fr     50.8   105, 1409 
i_59_76/i_133/IN->Z      BUF1                     92.7    173.1   5641.2    rr     64.0   105, 1409 
i_59_76/i_124/A->Z       NAND2                    60.5    163.1   5804.3    rf     44.4   105, 1409 
i_59_76/i_111/B->Z       NOR2                    109.7    164.2   5968.5    fr     21.5   105, 1409 
i_59_76/i_110/A->Z       BUFI4                   101.8     69.4   6037.9    rf     27.7   105, 1409 
i_59_76/i_103/D->Z       NOR4*                    39.7    207.6   6245.5    fr     17.4   105, 1409 
i_59_76/i_101/A->Z       NAND2                    83.5    161.8   6407.3    rf     39.5   105, 1409 
i_59_76/i_98/D->Z        NOR4*                   101.6    333.9   6741.2    fr     40.3   105, 1409 
i_59_76/i_89/A->Z        NAND4                    92.7    210.9   6952.1    rf     18.4   105, 1409 
i_59_76/i_88/D->Z        NOR4*                   151.6    419.5   7371.6    fr     67.7   105, 1409 
i_59_76/i_86/A->Z        NAND4                    92.7    260.6   7632.2    rf     33.1   105, 1409 
i_59_76/i_34/A->Z        INV                     194.8    101.4   7733.5    fr      9.7   105, 1409 
i_59_76/i_31/B->Z        AOI22                    37.6    171.6   7905.2    rf     13.6   105, 1409 
i_59_0_80/A->Z           MUX2                    115.0    403.9   8309.0    ff     78.7   105, 1409 
i_29_0_29/A->Z           MUX2                     94.8    310.5   8619.5    ff     13.5   251, 1256 
round_reg_reg[29]/DATA   DFFC                     55.9      0.0   8619.5     f            251, 1256 
----------------------------------------------------------------------------------------------------
