Copyright 1986-2022 Xilinx, Inc. All Rights Reserved. Copyright 2022-2024 Advanced Micro Devices, Inc. All Rights Reserved.
--------------------------------------------------------------------------------------------------------------------------------------------------------------------------
| Tool Version : Vivado v.2024.2 (lin64) Build 5239630 Fri Nov 08 22:34:34 MST 2024
| Date         : Wed Jul  1 01:39:50 2026
| Host         : young-PC running 64-bit Ubuntu 24.04.4 LTS
| Command      : report_timing_summary -file /home/young/dev/10_zynq-fir-decimation-ip/build/fir_n43/vivado/fir_decimator_trans_n43_timing_summary.rpt -warn_on_violation
| Design       : bd_fir_dma_wrapper
| Device       : 7z020-clg400
| Speed File   : -1  PRODUCTION 1.12 2019-11-22
| Design State : Routed
--------------------------------------------------------------------------------------------------------------------------------------------------------------------------

Timing Summary Report

------------------------------------------------------------------------------------------------
| Timer Settings
| --------------
------------------------------------------------------------------------------------------------

  Enable Multi Corner Analysis               :  Yes
  Enable Pessimism Removal                   :  Yes
  Pessimism Removal Resolution               :  Nearest Common Node
  Enable Input Delay Default Clock           :  No
  Enable Preset / Clear Arcs                 :  No
  Disable Flight Delays                      :  No
  Ignore I/O Paths                           :  No
  Timing Early Launch at Borrowing Latches   :  No
  Borrow Time for Max Delay Exceptions       :  Yes
  Merge Timing Exceptions                    :  Yes
  Inter-SLR Compensation                     :  Conservative

  Corner  Analyze    Analyze    
  Name    Max Paths  Min Paths  
  ------  ---------  ---------  
  Slow    Yes        Yes        
  Fast    Yes        Yes        


------------------------------------------------------------------------------------------------
| Report Methodology
| ------------------
------------------------------------------------------------------------------------------------

Rule     Severity  Description                   Violations  
-------  --------  ----------------------------  ----------  
LUTAR-1  Warning   LUT drives async reset alert  3           

Note: This report is based on the most recent report_methodology run and may not be up-to-date. Run report_methodology on the current design for the latest report.



check_timing report

Table of Contents
-----------------
1. checking no_clock (0)
2. checking constant_clock (0)
3. checking pulse_width_clock (0)
4. checking unconstrained_internal_endpoints (0)
5. checking no_input_delay (0)
6. checking no_output_delay (0)
7. checking multiple_clock (0)
8. checking generated_clocks (0)
9. checking loops (0)
10. checking partial_input_delay (0)
11. checking partial_output_delay (0)
12. checking latch_loops (0)

1. checking no_clock (0)
------------------------
 There are 0 register/latch pins with no clock.


2. checking constant_clock (0)
------------------------------
 There are 0 register/latch pins with constant_clock.


3. checking pulse_width_clock (0)
---------------------------------
 There are 0 register/latch pins which need pulse_width check


4. checking unconstrained_internal_endpoints (0)
------------------------------------------------
 There are 0 pins that are not constrained for maximum delay.

 There are 0 pins that are not constrained for maximum delay due to constant clock.


5. checking no_input_delay (0)
------------------------------
 There are 0 input ports with no input delay specified.

 There are 0 input ports with no input delay but user has a false path constraint.


6. checking no_output_delay (0)
-------------------------------
 There are 0 ports with no output delay specified.

 There are 0 ports with no output delay but user has a false path constraint

 There are 0 ports with no output delay but with a timing clock defined on it or propagating through it


7. checking multiple_clock (0)
------------------------------
 There are 0 register/latch pins with multiple clocks.


8. checking generated_clocks (0)
--------------------------------
 There are 0 generated clocks that are not connected to a clock source.


9. checking loops (0)
---------------------
 There are 0 combinational loops in the design.


10. checking partial_input_delay (0)
------------------------------------
 There are 0 input ports with partial input delay specified.


11. checking partial_output_delay (0)
-------------------------------------
 There are 0 ports with partial output delay specified.


12. checking latch_loops (0)
----------------------------
 There are 0 combinational latch loops in the design through latch input



------------------------------------------------------------------------------------------------
| Design Timing Summary
| ---------------------
------------------------------------------------------------------------------------------------

    WNS(ns)      TNS(ns)  TNS Failing Endpoints  TNS Total Endpoints      WHS(ns)      THS(ns)  THS Failing Endpoints  THS Total Endpoints     WPWS(ns)     TPWS(ns)  TPWS Failing Endpoints  TPWS Total Endpoints  
    -------      -------  ---------------------  -------------------      -------      -------  ---------------------  -------------------     --------     --------  ----------------------  --------------------  
      1.883        0.000                      0                16821        0.013        0.000                      0                16821        4.250        0.000                       0                  6057  


All user specified timing constraints are met.


------------------------------------------------------------------------------------------------
| Clock Summary
| -------------
------------------------------------------------------------------------------------------------

Clock       Waveform(ns)       Period(ns)      Frequency(MHz)
-----       ------------       ----------      --------------
clk_fpga_0  {0.000 5.500}      11.000          90.909          


------------------------------------------------------------------------------------------------
| Intra Clock Table
| -----------------
------------------------------------------------------------------------------------------------

Clock             WNS(ns)      TNS(ns)  TNS Failing Endpoints  TNS Total Endpoints      WHS(ns)      THS(ns)  THS Failing Endpoints  THS Total Endpoints     WPWS(ns)     TPWS(ns)  TPWS Failing Endpoints  TPWS Total Endpoints  
-----             -------      -------  ---------------------  -------------------      -------      -------  ---------------------  -------------------     --------     --------  ----------------------  --------------------  
clk_fpga_0          1.883        0.000                      0                14612        0.013        0.000                      0                14612        4.250        0.000                       0                  6057  


------------------------------------------------------------------------------------------------
| Inter Clock Table
| -----------------
------------------------------------------------------------------------------------------------

From Clock    To Clock          WNS(ns)      TNS(ns)  TNS Failing Endpoints  TNS Total Endpoints      WHS(ns)      THS(ns)  THS Failing Endpoints  THS Total Endpoints  
----------    --------          -------      -------  ---------------------  -------------------      -------      -------  ---------------------  -------------------  


------------------------------------------------------------------------------------------------
| Other Path Groups Table
| -----------------------
------------------------------------------------------------------------------------------------

Path Group         From Clock         To Clock               WNS(ns)      TNS(ns)  TNS Failing Endpoints  TNS Total Endpoints      WHS(ns)      THS(ns)  THS Failing Endpoints  THS Total Endpoints  
----------         ----------         --------               -------      -------  ---------------------  -------------------      -------      -------  ---------------------  -------------------  
**async_default**  clk_fpga_0         clk_fpga_0               3.092        0.000                      0                 2209        0.535        0.000                      0                 2209  


------------------------------------------------------------------------------------------------
| Timing Details
| --------------
------------------------------------------------------------------------------------------------


---------------------------------------------------------------------------------------------------
From Clock:  clk_fpga_0
  To Clock:  clk_fpga_0

Setup :            0  Failing Endpoints,  Worst Slack        1.883ns,  Total Violation        0.000ns
Hold  :            0  Failing Endpoints,  Worst Slack        0.013ns,  Total Violation        0.000ns
PW    :            0  Failing Endpoints,  Worst Slack        4.250ns,  Total Violation        0.000ns
---------------------------------------------------------------------------------------------------


Max Delay Paths
--------------------------------------------------------------------------------------
Slack (MET) :             1.883ns  (required time - arrival time)
  Source:                 bd_fir_dma_i/fir_decimator_n43_ax_0/inst/u_core/u_fir_n43/z_reg[1][2]/C
                            (rising edge-triggered cell FDCE clocked by clk_fpga_0  {rise@0.000ns fall@5.500ns period=11.000ns})
  Destination:            bd_fir_dma_i/fir_decimator_n43_ax_0/inst/u_core/u_fir_n43/round_reg_reg[45]/D
                            (rising edge-triggered cell FDCE clocked by clk_fpga_0  {rise@0.000ns fall@5.500ns period=11.000ns})
  Path Group:             clk_fpga_0
  Path Type:              Setup (Max at Slow Process Corner)
  Requirement:            11.000ns  (clk_fpga_0 rise@11.000ns - clk_fpga_0 rise@0.000ns)
  Data Path Delay:        8.946ns  (logic 6.008ns (67.159%)  route 2.938ns (32.841%))
  Logic Levels:           22  (CARRY4=18 LUT1=1 LUT2=2 LUT3=1)
  Clock Path Skew:        -0.064ns (DCD - SCD + CPR)
    Destination Clock Delay (DCD):    2.747ns = ( 13.747 - 11.000 ) 
    Source Clock Delay      (SCD):    3.040ns
    Clock Pessimism Removal (CPR):    0.230ns
  Clock Uncertainty:      0.169ns  ((TSJ^2 + TIJ^2)^1/2 + DJ) / 2 + PE
    Total System Jitter     (TSJ):    0.071ns
    Total Input Jitter      (TIJ):    0.330ns
    Discrete Jitter          (DJ):    0.000ns
    Phase Error              (PE):    0.000ns

    Location             Delay type                Incr(ns)  Path(ns)    Netlist Resource(s)
  -------------------------------------------------------------------    -------------------
                         (clock clk_fpga_0 rise edge)
                                                      0.000     0.000 r  
    PS7_X0Y0             PS7                          0.000     0.000 r  bd_fir_dma_i/processing_system7_0/inst/PS7_i/FCLKCLK[0]
                         net (fo=1, routed)           1.193     1.193    bd_fir_dma_i/processing_system7_0/inst/FCLK_CLK_unbuffered[0]
    BUFGCTRL_X0Y16       BUFG (Prop_bufg_I_O)         0.101     1.294 r  bd_fir_dma_i/processing_system7_0/inst/buffer_fclk_clk_0.FCLK_CLK_0_BUFG/O
                         net (fo=6058, routed)        1.746     3.040    bd_fir_dma_i/fir_decimator_n43_ax_0/inst/u_core/u_fir_n43/aclk
    SLICE_X24Y11         FDCE                                         r  bd_fir_dma_i/fir_decimator_n43_ax_0/inst/u_core/u_fir_n43/z_reg[1][2]/C
  -------------------------------------------------------------------    -------------------
    SLICE_X24Y11         FDCE (Prop_fdce_C_Q)         0.456     3.496 r  bd_fir_dma_i/fir_decimator_n43_ax_0/inst/u_core/u_fir_n43/z_reg[1][2]/Q
                         net (fo=1, routed)           0.564     4.060    bd_fir_dma_i/fir_decimator_n43_ax_0/inst/u_core/u_fir_n43/z_reg[1]_59[2]
    SLICE_X24Y13         LUT2 (Prop_lut2_I1_O)        0.124     4.184 r  bd_fir_dma_i/fir_decimator_n43_ax_0/inst/u_core/u_fir_n43/value_carry_i_3/O
                         net (fo=1, routed)           0.000     4.184    bd_fir_dma_i/fir_decimator_n43_ax_0/inst/u_core/u_fir_n43/value_carry_i_3_n_0
    SLICE_X24Y13         CARRY4 (Prop_carry4_S[1]_CO[3])
                                                      0.550     4.734 r  bd_fir_dma_i/fir_decimator_n43_ax_0/inst/u_core/u_fir_n43/value_carry/CO[3]
                         net (fo=1, routed)           0.000     4.734    bd_fir_dma_i/fir_decimator_n43_ax_0/inst/u_core/u_fir_n43/value_carry_n_0
    SLICE_X24Y14         CARRY4 (Prop_carry4_CI_O[0])
                                                      0.222     4.956 f  bd_fir_dma_i/fir_decimator_n43_ax_0/inst/u_core/u_fir_n43/value_carry__0/O[0]
                         net (fo=1, routed)           0.936     5.892    bd_fir_dma_i/fir_decimator_n43_ax_0/inst/u_core/u_fir_n43/value[5]
    SLICE_X21Y19         LUT1 (Prop_lut1_I0_O)        0.299     6.191 r  bd_fir_dma_i/fir_decimator_n43_ax_0/inst/u_core/u_fir_n43/round_q2_30_to_q1_15_return2_carry_i_20/O
                         net (fo=1, routed)           0.000     6.191    bd_fir_dma_i/fir_decimator_n43_ax_0/inst/u_core/u_fir_n43/round_q2_30_to_q1_15_return2_carry_i_20_n_0
    SLICE_X21Y19         CARRY4 (Prop_carry4_S[0]_CO[3])
                                                      0.532     6.723 r  bd_fir_dma_i/fir_decimator_n43_ax_0/inst/u_core/u_fir_n43/round_q2_30_to_q1_15_return2_carry_i_11/CO[3]
                         net (fo=1, routed)           0.000     6.723    bd_fir_dma_i/fir_decimator_n43_ax_0/inst/u_core/u_fir_n43/round_q2_30_to_q1_15_return2_carry_i_11_n_0
    SLICE_X21Y20         CARRY4 (Prop_carry4_CI_CO[3])
                                                      0.114     6.837 r  bd_fir_dma_i/fir_decimator_n43_ax_0/inst/u_core/u_fir_n43/round_q2_30_to_q1_15_return2_carry_i_6/CO[3]
                         net (fo=1, routed)           0.000     6.837    bd_fir_dma_i/fir_decimator_n43_ax_0/inst/u_core/u_fir_n43/round_q2_30_to_q1_15_return2_carry_i_6_n_0
    SLICE_X21Y21         CARRY4 (Prop_carry4_CI_CO[3])
                                                      0.114     6.951 r  bd_fir_dma_i/fir_decimator_n43_ax_0/inst/u_core/u_fir_n43/round_q2_30_to_q1_15_return2_carry_i_5/CO[3]
                         net (fo=1, routed)           0.000     6.951    bd_fir_dma_i/fir_decimator_n43_ax_0/inst/u_core/u_fir_n43/round_q2_30_to_q1_15_return2_carry_i_5_n_0
    SLICE_X21Y22         CARRY4 (Prop_carry4_CI_O[1])
                                                      0.334     7.285 r  bd_fir_dma_i/fir_decimator_n43_ax_0/inst/u_core/u_fir_n43/round_q2_30_to_q1_15_return2_carry__0_i_5/O[1]
                         net (fo=1, routed)           0.888     8.172    bd_fir_dma_i/fir_decimator_n43_ax_0/inst/u_core/u_fir_n43/round_q2_30_to_q1_15_return4[18]
    SLICE_X22Y20         LUT3 (Prop_lut3_I0_O)        0.303     8.475 r  bd_fir_dma_i/fir_decimator_n43_ax_0/inst/u_core/u_fir_n43/round_q2_30_to_q1_15_return2_carry__0_i_3/O
                         net (fo=1, routed)           0.000     8.475    bd_fir_dma_i/fir_decimator_n43_ax_0/inst/u_core/u_fir_n43/round_q2_30_to_q1_15_return3[18]
    SLICE_X22Y20         CARRY4 (Prop_carry4_S[1]_CO[3])
                                                      0.533     9.008 r  bd_fir_dma_i/fir_decimator_n43_ax_0/inst/u_core/u_fir_n43/round_q2_30_to_q1_15_return2_carry__0/CO[3]
                         net (fo=1, routed)           0.000     9.008    bd_fir_dma_i/fir_decimator_n43_ax_0/inst/u_core/u_fir_n43/round_q2_30_to_q1_15_return2_carry__0_n_0
    SLICE_X22Y21         CARRY4 (Prop_carry4_CI_CO[3])
                                                      0.117     9.125 r  bd_fir_dma_i/fir_decimator_n43_ax_0/inst/u_core/u_fir_n43/round_q2_30_to_q1_15_return2_carry__1/CO[3]
                         net (fo=1, routed)           0.000     9.125    bd_fir_dma_i/fir_decimator_n43_ax_0/inst/u_core/u_fir_n43/round_q2_30_to_q1_15_return2_carry__1_n_0
    SLICE_X22Y22         CARRY4 (Prop_carry4_CI_CO[3])
                                                      0.117     9.242 r  bd_fir_dma_i/fir_decimator_n43_ax_0/inst/u_core/u_fir_n43/round_q2_30_to_q1_15_return2_carry__2/CO[3]
                         net (fo=1, routed)           0.000     9.242    bd_fir_dma_i/fir_decimator_n43_ax_0/inst/u_core/u_fir_n43/round_q2_30_to_q1_15_return2_carry__2_n_0
    SLICE_X22Y23         CARRY4 (Prop_carry4_CI_CO[3])
                                                      0.117     9.359 r  bd_fir_dma_i/fir_decimator_n43_ax_0/inst/u_core/u_fir_n43/round_q2_30_to_q1_15_return2_carry__3/CO[3]
                         net (fo=1, routed)           0.000     9.359    bd_fir_dma_i/fir_decimator_n43_ax_0/inst/u_core/u_fir_n43/round_q2_30_to_q1_15_return2_carry__3_n_0
    SLICE_X22Y24         CARRY4 (Prop_carry4_CI_O[3])
                                                      0.315     9.674 r  bd_fir_dma_i/fir_decimator_n43_ax_0/inst/u_core/u_fir_n43/round_q2_30_to_q1_15_return2_carry__4/O[3]
                         net (fo=1, routed)           0.542    10.216    bd_fir_dma_i/fir_decimator_n43_ax_0/inst/u_core/u_fir_n43/round_q2_30_to_q1_15_return2_carry__4_n_4
    SLICE_X23Y24         LUT2 (Prop_lut2_I1_O)        0.307    10.523 r  bd_fir_dma_i/fir_decimator_n43_ax_0/inst/u_core/u_fir_n43/round_reg[23]_i_4/O
                         net (fo=1, routed)           0.000    10.523    bd_fir_dma_i/fir_decimator_n43_ax_0/inst/u_core/u_fir_n43/round_reg[23]_i_4_n_0
    SLICE_X23Y24         CARRY4 (Prop_carry4_S[1]_CO[3])
                                                      0.550    11.073 r  bd_fir_dma_i/fir_decimator_n43_ax_0/inst/u_core/u_fir_n43/round_reg_reg[23]_i_1/CO[3]
                         net (fo=1, routed)           0.009    11.082    bd_fir_dma_i/fir_decimator_n43_ax_0/inst/u_core/u_fir_n43/round_reg_reg[23]_i_1_n_0
    SLICE_X23Y25         CARRY4 (Prop_carry4_CI_CO[3])
                                                      0.114    11.196 r  bd_fir_dma_i/fir_decimator_n43_ax_0/inst/u_core/u_fir_n43/round_reg_reg[27]_i_1/CO[3]
                         net (fo=1, routed)           0.000    11.196    bd_fir_dma_i/fir_decimator_n43_ax_0/inst/u_core/u_fir_n43/round_reg_reg[27]_i_1_n_0
    SLICE_X23Y26         CARRY4 (Prop_carry4_CI_CO[3])
                                                      0.114    11.310 r  bd_fir_dma_i/fir_decimator_n43_ax_0/inst/u_core/u_fir_n43/round_reg_reg[31]_i_1/CO[3]
                         net (fo=1, routed)           0.000    11.310    bd_fir_dma_i/fir_decimator_n43_ax_0/inst/u_core/u_fir_n43/round_reg_reg[31]_i_1_n_0
    SLICE_X23Y27         CARRY4 (Prop_carry4_CI_CO[3])
                                                      0.114    11.424 r  bd_fir_dma_i/fir_decimator_n43_ax_0/inst/u_core/u_fir_n43/round_reg_reg[35]_i_1/CO[3]
                         net (fo=1, routed)           0.000    11.424    bd_fir_dma_i/fir_decimator_n43_ax_0/inst/u_core/u_fir_n43/round_reg_reg[35]_i_1_n_0
    SLICE_X23Y28         CARRY4 (Prop_carry4_CI_CO[3])
                                                      0.114    11.538 r  bd_fir_dma_i/fir_decimator_n43_ax_0/inst/u_core/u_fir_n43/round_reg_reg[39]_i_1/CO[3]
                         net (fo=1, routed)           0.000    11.538    bd_fir_dma_i/fir_decimator_n43_ax_0/inst/u_core/u_fir_n43/round_reg_reg[39]_i_1_n_0
    SLICE_X23Y29         CARRY4 (Prop_carry4_CI_CO[3])
                                                      0.114    11.652 r  bd_fir_dma_i/fir_decimator_n43_ax_0/inst/u_core/u_fir_n43/round_reg_reg[43]_i_1/CO[3]
                         net (fo=1, routed)           0.000    11.652    bd_fir_dma_i/fir_decimator_n43_ax_0/inst/u_core/u_fir_n43/round_reg_reg[43]_i_1_n_0
    SLICE_X23Y30         CARRY4 (Prop_carry4_CI_O[1])
                                                      0.334    11.986 r  bd_fir_dma_i/fir_decimator_n43_ax_0/inst/u_core/u_fir_n43/round_reg_reg[47]_i_1/O[1]
                         net (fo=1, routed)           0.000    11.986    bd_fir_dma_i/fir_decimator_n43_ax_0/inst/u_core/u_fir_n43/round_reg_reg[47]_i_1_n_6
    SLICE_X23Y30         FDCE                                         r  bd_fir_dma_i/fir_decimator_n43_ax_0/inst/u_core/u_fir_n43/round_reg_reg[45]/D
  -------------------------------------------------------------------    -------------------

                         (clock clk_fpga_0 rise edge)
                                                     11.000    11.000 r  
    PS7_X0Y0             PS7                          0.000    11.000 r  bd_fir_dma_i/processing_system7_0/inst/PS7_i/FCLKCLK[0]
                         net (fo=1, routed)           1.088    12.088    bd_fir_dma_i/processing_system7_0/inst/FCLK_CLK_unbuffered[0]
    BUFGCTRL_X0Y16       BUFG (Prop_bufg_I_O)         0.091    12.179 r  bd_fir_dma_i/processing_system7_0/inst/buffer_fclk_clk_0.FCLK_CLK_0_BUFG/O
                         net (fo=6058, routed)        1.567    13.747    bd_fir_dma_i/fir_decimator_n43_ax_0/inst/u_core/u_fir_n43/aclk
    SLICE_X23Y30         FDCE                                         r  bd_fir_dma_i/fir_decimator_n43_ax_0/inst/u_core/u_fir_n43/round_reg_reg[45]/C
                         clock pessimism              0.230    13.976    
                         clock uncertainty           -0.169    13.807    
    SLICE_X23Y30         FDCE (Setup_fdce_C_D)        0.062    13.869    bd_fir_dma_i/fir_decimator_n43_ax_0/inst/u_core/u_fir_n43/round_reg_reg[45]
  -------------------------------------------------------------------
                         required time                         13.869    
                         arrival time                         -11.986    
  -------------------------------------------------------------------
                         slack                                  1.883    





Min Delay Paths
--------------------------------------------------------------------------------------
Slack (MET) :             0.013ns  (arrival time - required time)
  Source:                 bd_fir_dma_i/axi_mem_intercon/m00_couplers/auto_pc/inst/gen_axi4_axi3.axi3_conv_inst/USE_READ.USE_SPLIT_R.read_addr_inst/first_step_q_reg[2]/C
                            (rising edge-triggered cell FDRE clocked by clk_fpga_0  {rise@0.000ns fall@5.500ns period=11.000ns})
  Destination:            bd_fir_dma_i/axi_mem_intercon/m00_couplers/auto_pc/inst/gen_axi4_axi3.axi3_conv_inst/USE_READ.USE_SPLIT_R.read_addr_inst/next_mi_addr_reg[2]/D
                            (rising edge-triggered cell FDRE clocked by clk_fpga_0  {rise@0.000ns fall@5.500ns period=11.000ns})
  Path Group:             clk_fpga_0
  Path Type:              Hold (Min at Fast Process Corner)
  Requirement:            0.000ns  (clk_fpga_0 rise@0.000ns - clk_fpga_0 rise@0.000ns)
  Data Path Delay:        0.372ns  (logic 0.252ns (67.725%)  route 0.120ns (32.275%))
  Logic Levels:           2  (CARRY4=1 LUT6=1)
  Clock Path Skew:        0.254ns (DCD - SCD - CPR)
    Destination Clock Delay (DCD):    1.211ns
    Source Clock Delay      (SCD):    0.927ns
    Clock Pessimism Removal (CPR):    0.030ns

    Location             Delay type                Incr(ns)  Path(ns)    Netlist Resource(s)
  -------------------------------------------------------------------    -------------------
                         (clock clk_fpga_0 rise edge)
                                                      0.000     0.000 r  
    PS7_X0Y0             PS7                          0.000     0.000 r  bd_fir_dma_i/processing_system7_0/inst/PS7_i/FCLKCLK[0]
                         net (fo=1, routed)           0.310     0.310    bd_fir_dma_i/processing_system7_0/inst/FCLK_CLK_unbuffered[0]
    BUFGCTRL_X0Y16       BUFG (Prop_bufg_I_O)         0.026     0.336 r  bd_fir_dma_i/processing_system7_0/inst/buffer_fclk_clk_0.FCLK_CLK_0_BUFG/O
                         net (fo=6058, routed)        0.591     0.927    bd_fir_dma_i/axi_mem_intercon/m00_couplers/auto_pc/inst/gen_axi4_axi3.axi3_conv_inst/USE_READ.USE_SPLIT_R.read_addr_inst/aclk
    SLICE_X29Y49         FDRE                                         r  bd_fir_dma_i/axi_mem_intercon/m00_couplers/auto_pc/inst/gen_axi4_axi3.axi3_conv_inst/USE_READ.USE_SPLIT_R.read_addr_inst/first_step_q_reg[2]/C
  -------------------------------------------------------------------    -------------------
    SLICE_X29Y49         FDRE (Prop_fdre_C_Q)         0.141     1.068 r  bd_fir_dma_i/axi_mem_intercon/m00_couplers/auto_pc/inst/gen_axi4_axi3.axi3_conv_inst/USE_READ.USE_SPLIT_R.read_addr_inst/first_step_q_reg[2]/Q
                         net (fo=1, routed)           0.120     1.188    bd_fir_dma_i/axi_mem_intercon/m00_couplers/auto_pc/inst/gen_axi4_axi3.axi3_conv_inst/USE_READ.USE_SPLIT_R.read_addr_inst/first_step_q_reg_n_0_[2]
    SLICE_X28Y50         LUT6 (Prop_lut6_I5_O)        0.045     1.233 r  bd_fir_dma_i/axi_mem_intercon/m00_couplers/auto_pc/inst/gen_axi4_axi3.axi3_conv_inst/USE_READ.USE_SPLIT_R.read_addr_inst/next_mi_addr[3]_i_3/O
                         net (fo=1, routed)           0.000     1.233    bd_fir_dma_i/axi_mem_intercon/m00_couplers/auto_pc/inst/gen_axi4_axi3.axi3_conv_inst/USE_READ.USE_SPLIT_R.read_addr_inst/next_mi_addr[3]_i_3_n_0
    SLICE_X28Y50         CARRY4 (Prop_carry4_S[2]_O[2])
                                                      0.066     1.299 r  bd_fir_dma_i/axi_mem_intercon/m00_couplers/auto_pc/inst/gen_axi4_axi3.axi3_conv_inst/USE_READ.USE_SPLIT_R.read_addr_inst/next_mi_addr_reg[3]_i_1__0/O[2]
                         net (fo=1, routed)           0.000     1.299    bd_fir_dma_i/axi_mem_intercon/m00_couplers/auto_pc/inst/gen_axi4_axi3.axi3_conv_inst/USE_READ.USE_SPLIT_R.read_addr_inst/next_mi_addr_reg[3]_i_1__0_n_5
    SLICE_X28Y50         FDRE                                         r  bd_fir_dma_i/axi_mem_intercon/m00_couplers/auto_pc/inst/gen_axi4_axi3.axi3_conv_inst/USE_READ.USE_SPLIT_R.read_addr_inst/next_mi_addr_reg[2]/D
  -------------------------------------------------------------------    -------------------

                         (clock clk_fpga_0 rise edge)
                                                      0.000     0.000 r  
    PS7_X0Y0             PS7                          0.000     0.000 r  bd_fir_dma_i/processing_system7_0/inst/PS7_i/FCLKCLK[0]
                         net (fo=1, routed)           0.337     0.337    bd_fir_dma_i/processing_system7_0/inst/FCLK_CLK_unbuffered[0]
    BUFGCTRL_X0Y16       BUFG (Prop_bufg_I_O)         0.029     0.366 r  bd_fir_dma_i/processing_system7_0/inst/buffer_fclk_clk_0.FCLK_CLK_0_BUFG/O
                         net (fo=6058, routed)        0.845     1.211    bd_fir_dma_i/axi_mem_intercon/m00_couplers/auto_pc/inst/gen_axi4_axi3.axi3_conv_inst/USE_READ.USE_SPLIT_R.read_addr_inst/aclk
    SLICE_X28Y50         FDRE                                         r  bd_fir_dma_i/axi_mem_intercon/m00_couplers/auto_pc/inst/gen_axi4_axi3.axi3_conv_inst/USE_READ.USE_SPLIT_R.read_addr_inst/next_mi_addr_reg[2]/C
                         clock pessimism             -0.030     1.181    
    SLICE_X28Y50         FDRE (Hold_fdre_C_D)         0.105     1.286    bd_fir_dma_i/axi_mem_intercon/m00_couplers/auto_pc/inst/gen_axi4_axi3.axi3_conv_inst/USE_READ.USE_SPLIT_R.read_addr_inst/next_mi_addr_reg[2]
  -------------------------------------------------------------------
                         required time                         -1.286    
                         arrival time                           1.299    
  -------------------------------------------------------------------
                         slack                                  0.013    





Pulse Width Checks
--------------------------------------------------------------------------------------
Clock Name:         clk_fpga_0
Waveform(ns):       { 0.000 5.500 }
Period(ns):         11.000
Sources:            { bd_fir_dma_i/processing_system7_0/inst/PS7_i/FCLKCLK[0] }

Check Type        Corner  Lib Pin             Reference Pin  Required(ns)  Actual(ns)  Slack(ns)  Location      Pin
Min Period        n/a     RAMB36E1/CLKARDCLK  n/a            2.576         11.000      8.424      RAMB36_X1Y7   bd_fir_dma_i/axi_dma_0/U0/I_PRMRY_DATAMOVER/GEN_MM2S_FULL.I_MM2S_FULL_WRAPPER/GEN_INCLUDE_MM2S_SF.I_RD_SF/I_DATA_FIFO/BLK_MEM.I_SYNC_FIFOGEN_FIFO/xpm_fifo_instance.xpm_fifo_sync_inst/xpm_fifo_base_inst/gen_sdpram.xpm_memory_base_inst/gen_wr_a.gen_word_narrow.mem_reg/CLKARDCLK
Low Pulse Width   Slow    RAMD32/CLK          n/a            1.250         5.500       4.250      SLICE_X38Y33  bd_fir_dma_i/axi_dma_0/U0/I_PRMRY_DATAMOVER/GEN_S2MM_FULL.I_S2MM_FULL_WRAPPER/GEN_ENABLE_INDET_BTT_SF.I_INDET_BTT/I_XD_FIFO/NON_BLK_MEM.I_SYNC_FIFOGEN_FIFO/xpm_fifo_instance.xpm_fifo_sync_inst/xpm_fifo_base_inst/gen_sdpram.xpm_memory_base_inst/gen_wr_a.gen_word_narrow.mem_reg_0_15_0_5/RAMA/CLK
High Pulse Width  Slow    RAMD32/CLK          n/a            1.250         5.500       4.250      SLICE_X38Y33  bd_fir_dma_i/axi_dma_0/U0/I_PRMRY_DATAMOVER/GEN_S2MM_FULL.I_S2MM_FULL_WRAPPER/GEN_ENABLE_INDET_BTT_SF.I_INDET_BTT/I_XD_FIFO/NON_BLK_MEM.I_SYNC_FIFOGEN_FIFO/xpm_fifo_instance.xpm_fifo_sync_inst/xpm_fifo_base_inst/gen_sdpram.xpm_memory_base_inst/gen_wr_a.gen_word_narrow.mem_reg_0_15_0_5/RAMA/CLK



---------------------------------------------------------------------------------------------------
Path Group:  **async_default**
From Clock:  clk_fpga_0
  To Clock:  clk_fpga_0

Setup :            0  Failing Endpoints,  Worst Slack        3.092ns,  Total Violation        0.000ns
Hold  :            0  Failing Endpoints,  Worst Slack        0.535ns,  Total Violation        0.000ns
---------------------------------------------------------------------------------------------------


Max Delay Paths
--------------------------------------------------------------------------------------
Slack (MET) :             3.092ns  (required time - arrival time)
  Source:                 bd_fir_dma_i/rst_ps7_0_100M/U0/ACTIVE_LOW_PR_OUT_DFF[0].FDRE_PER_N/C
                            (rising edge-triggered cell FDRE clocked by clk_fpga_0  {rise@0.000ns fall@5.500ns period=11.000ns})
  Destination:            bd_fir_dma_i/fir_decimator_n43_ax_0/inst/u_core/u_fir_n43/z_reg[13][4]/CLR
                            (recovery check against rising-edge clock clk_fpga_0  {rise@0.000ns fall@5.500ns period=11.000ns})
  Path Group:             **async_default**
  Path Type:              Recovery (Max at Slow Process Corner)
  Requirement:            11.000ns  (clk_fpga_0 rise@11.000ns - clk_fpga_0 rise@0.000ns)
  Data Path Delay:        7.317ns  (logic 0.580ns (7.927%)  route 6.737ns (92.073%))
  Logic Levels:           1  (LUT1=1)
  Clock Path Skew:        -0.018ns (DCD - SCD + CPR)
    Destination Clock Delay (DCD):    2.838ns = ( 13.839 - 11.000 ) 
    Source Clock Delay      (SCD):    2.971ns
    Clock Pessimism Removal (CPR):    0.115ns
  Clock Uncertainty:      0.169ns  ((TSJ^2 + TIJ^2)^1/2 + DJ) / 2 + PE
    Total System Jitter     (TSJ):    0.071ns
    Total Input Jitter      (TIJ):    0.330ns
    Discrete Jitter          (DJ):    0.000ns
    Phase Error              (PE):    0.000ns

    Location             Delay type                Incr(ns)  Path(ns)    Netlist Resource(s)
  -------------------------------------------------------------------    -------------------
                         (clock clk_fpga_0 rise edge)
                                                      0.000     0.000 r  
    PS7_X0Y0             PS7                          0.000     0.000 r  bd_fir_dma_i/processing_system7_0/inst/PS7_i/FCLKCLK[0]
                         net (fo=1, routed)           1.193     1.193    bd_fir_dma_i/processing_system7_0/inst/FCLK_CLK_unbuffered[0]
    BUFGCTRL_X0Y16       BUFG (Prop_bufg_I_O)         0.101     1.294 r  bd_fir_dma_i/processing_system7_0/inst/buffer_fclk_clk_0.FCLK_CLK_0_BUFG/O
                         net (fo=6058, routed)        1.677     2.971    bd_fir_dma_i/rst_ps7_0_100M/U0/slowest_sync_clk
    SLICE_X27Y76         FDRE                                         r  bd_fir_dma_i/rst_ps7_0_100M/U0/ACTIVE_LOW_PR_OUT_DFF[0].FDRE_PER_N/C
  -------------------------------------------------------------------    -------------------
    SLICE_X27Y76         FDRE (Prop_fdre_C_Q)         0.456     3.427 r  bd_fir_dma_i/rst_ps7_0_100M/U0/ACTIVE_LOW_PR_OUT_DFF[0].FDRE_PER_N/Q
                         net (fo=25, routed)          2.824     6.251    bd_fir_dma_i/fir_decimator_n43_ax_0/inst/u_core/u_fir_n43/aresetn
    SLICE_X32Y28         LUT1 (Prop_lut1_I0_O)        0.124     6.375 f  bd_fir_dma_i/fir_decimator_n43_ax_0/inst/u_core/u_fir_n43/valid0_i_1/O
                         net (fo=2182, routed)        3.913    10.288    bd_fir_dma_i/fir_decimator_n43_ax_0/inst/u_core/u_fir_n43/AR[0]
    SLICE_X7Y1           FDCE                                         f  bd_fir_dma_i/fir_decimator_n43_ax_0/inst/u_core/u_fir_n43/z_reg[13][4]/CLR
  -------------------------------------------------------------------    -------------------

                         (clock clk_fpga_0 rise edge)
                                                     11.000    11.000 r  
    PS7_X0Y0             PS7                          0.000    11.000 r  bd_fir_dma_i/processing_system7_0/inst/PS7_i/FCLKCLK[0]
                         net (fo=1, routed)           1.088    12.088    bd_fir_dma_i/processing_system7_0/inst/FCLK_CLK_unbuffered[0]
    BUFGCTRL_X0Y16       BUFG (Prop_bufg_I_O)         0.091    12.179 r  bd_fir_dma_i/processing_system7_0/inst/buffer_fclk_clk_0.FCLK_CLK_0_BUFG/O
                         net (fo=6058, routed)        1.659    13.839    bd_fir_dma_i/fir_decimator_n43_ax_0/inst/u_core/u_fir_n43/aclk
    SLICE_X7Y1           FDCE                                         r  bd_fir_dma_i/fir_decimator_n43_ax_0/inst/u_core/u_fir_n43/z_reg[13][4]/C
                         clock pessimism              0.115    13.953    
                         clock uncertainty           -0.169    13.785    
    SLICE_X7Y1           FDCE (Recov_fdce_C_CLR)     -0.405    13.380    bd_fir_dma_i/fir_decimator_n43_ax_0/inst/u_core/u_fir_n43/z_reg[13][4]
  -------------------------------------------------------------------
                         required time                         13.380    
                         arrival time                         -10.288    
  -------------------------------------------------------------------
                         slack                                  3.092    





Min Delay Paths
--------------------------------------------------------------------------------------
Slack (MET) :             0.535ns  (arrival time - required time)
  Source:                 <hidden>
                            (rising edge-triggered cell FDRE clocked by clk_fpga_0  {rise@0.000ns fall@5.500ns period=11.000ns})
  Destination:            <hidden>
                            (removal check against rising-edge clock clk_fpga_0  {rise@0.000ns fall@5.500ns period=11.000ns})
  Path Group:             **async_default**
  Path Type:              Removal (Min at Fast Process Corner)
  Requirement:            0.000ns  (clk_fpga_0 rise@0.000ns - clk_fpga_0 rise@0.000ns)
  Data Path Delay:        0.478ns  (logic 0.186ns (38.915%)  route 0.292ns (61.085%))
  Logic Levels:           1  (LUT3=1)
  Clock Path Skew:        0.035ns (DCD - SCD - CPR)
    Destination Clock Delay (DCD):    1.225ns
    Source Clock Delay      (SCD):    0.927ns
    Clock Pessimism Removal (CPR):    0.263ns

    Location             Delay type                Incr(ns)  Path(ns)    Netlist Resource(s)
  -------------------------------------------------------------------    -------------------
                         (clock clk_fpga_0 rise edge)
                                                      0.000     0.000 r  
    PS7_X0Y0             PS7                          0.000     0.000 r  bd_fir_dma_i/processing_system7_0/inst/PS7_i/FCLKCLK[0]
                         net (fo=1, routed)           0.310     0.310    bd_fir_dma_i/processing_system7_0/inst/FCLK_CLK_unbuffered[0]
    BUFGCTRL_X0Y16       BUFG (Prop_bufg_I_O)         0.026     0.336 r  bd_fir_dma_i/processing_system7_0/inst/buffer_fclk_clk_0.FCLK_CLK_0_BUFG/O
                         net (fo=6058, routed)        0.591     0.927    <hidden>
    SLICE_X17Y34         FDRE                                         r  <hidden>
  -------------------------------------------------------------------    -------------------
    SLICE_X17Y34         FDRE (Prop_fdre_C_Q)         0.141     1.068 f  <hidden>
                         net (fo=3, routed)           0.099     1.167    <hidden>
    SLICE_X16Y34         LUT3 (Prop_lut3_I1_O)        0.045     1.212 f  <hidden>
                         net (fo=32, routed)          0.193     1.404    <hidden>
    SLICE_X15Y34         FDCE                                         f  <hidden>
  -------------------------------------------------------------------    -------------------

                         (clock clk_fpga_0 rise edge)
                                                      0.000     0.000 r  
    PS7_X0Y0             PS7                          0.000     0.000 r  bd_fir_dma_i/processing_system7_0/inst/PS7_i/FCLKCLK[0]
                         net (fo=1, routed)           0.337     0.337    bd_fir_dma_i/processing_system7_0/inst/FCLK_CLK_unbuffered[0]
    BUFGCTRL_X0Y16       BUFG (Prop_bufg_I_O)         0.029     0.366 r  bd_fir_dma_i/processing_system7_0/inst/buffer_fclk_clk_0.FCLK_CLK_0_BUFG/O
                         net (fo=6058, routed)        0.859     1.225    <hidden>
    SLICE_X15Y34         FDCE                                         r  <hidden>
                         clock pessimism             -0.263     0.962    
    SLICE_X15Y34         FDCE (Remov_fdce_C_CLR)     -0.092     0.870    <hidden>
  -------------------------------------------------------------------
                         required time                         -0.869    
                         arrival time                           1.404    
  -------------------------------------------------------------------
                         slack                                  0.535    





