Copyright 1986-2022 Xilinx, Inc. All Rights Reserved. Copyright 2022-2024 Advanced Micro Devices, Inc. All Rights Reserved.
--------------------------------------------------------------------------------------------------------------------------------------------------------------------------
| Tool Version : Vivado v.2024.2 (lin64) Build 5239630 Fri Nov 08 22:34:34 MST 2024
| Date         : Wed Jul  1 01:32:07 2026
| Host         : young-PC running 64-bit Ubuntu 24.04.4 LTS
| Command      : report_timing_summary -file /home/young/dev/10_zynq-fir-decimation-ip/build/fir_n43/vivado/fir_decimator_trans_n43_timing_summary.rpt -warn_on_violation
| Design       : bd_fir_dma_wrapper
| Device       : 7z020-clg400
| Speed File   : -1  PRODUCTION 1.12 2019-11-22
| Design State : Routed
--------------------------------------------------------------------------------------------------------------------------------------------------------------------------

Timing Summary Report

------------------------------------------------------------------------------------------------
| Timer Settings
| --------------
------------------------------------------------------------------------------------------------

  Enable Multi Corner Analysis               :  Yes
  Enable Pessimism Removal                   :  Yes
  Pessimism Removal Resolution               :  Nearest Common Node
  Enable Input Delay Default Clock           :  No
  Enable Preset / Clear Arcs                 :  No
  Disable Flight Delays                      :  No
  Ignore I/O Paths                           :  No
  Timing Early Launch at Borrowing Latches   :  No
  Borrow Time for Max Delay Exceptions       :  Yes
  Merge Timing Exceptions                    :  Yes
  Inter-SLR Compensation                     :  Conservative

  Corner  Analyze    Analyze    
  Name    Max Paths  Min Paths  
  ------  ---------  ---------  
  Slow    Yes        Yes        
  Fast    Yes        Yes        


------------------------------------------------------------------------------------------------
| Report Methodology
| ------------------
------------------------------------------------------------------------------------------------

Rule     Severity  Description                   Violations  
-------  --------  ----------------------------  ----------  
LUTAR-1  Warning   LUT drives async reset alert  3           

Note: This report is based on the most recent report_methodology run and may not be up-to-date. Run report_methodology on the current design for the latest report.



check_timing report

Table of Contents
-----------------
1. checking no_clock (0)
2. checking constant_clock (0)
3. checking pulse_width_clock (0)
4. checking unconstrained_internal_endpoints (0)
5. checking no_input_delay (0)
6. checking no_output_delay (0)
7. checking multiple_clock (0)
8. checking generated_clocks (0)
9. checking loops (0)
10. checking partial_input_delay (0)
11. checking partial_output_delay (0)
12. checking latch_loops (0)

1. checking no_clock (0)
------------------------
 There are 0 register/latch pins with no clock.


2. checking constant_clock (0)
------------------------------
 There are 0 register/latch pins with constant_clock.


3. checking pulse_width_clock (0)
---------------------------------
 There are 0 register/latch pins which need pulse_width check


4. checking unconstrained_internal_endpoints (0)
------------------------------------------------
 There are 0 pins that are not constrained for maximum delay.

 There are 0 pins that are not constrained for maximum delay due to constant clock.


5. checking no_input_delay (0)
------------------------------
 There are 0 input ports with no input delay specified.

 There are 0 input ports with no input delay but user has a false path constraint.


6. checking no_output_delay (0)
-------------------------------
 There are 0 ports with no output delay specified.

 There are 0 ports with no output delay but user has a false path constraint

 There are 0 ports with no output delay but with a timing clock defined on it or propagating through it


7. checking multiple_clock (0)
------------------------------
 There are 0 register/latch pins with multiple clocks.


8. checking generated_clocks (0)
--------------------------------
 There are 0 generated clocks that are not connected to a clock source.


9. checking loops (0)
---------------------
 There are 0 combinational loops in the design.


10. checking partial_input_delay (0)
------------------------------------
 There are 0 input ports with partial input delay specified.


11. checking partial_output_delay (0)
-------------------------------------
 There are 0 ports with partial output delay specified.


12. checking latch_loops (0)
----------------------------
 There are 0 combinational latch loops in the design through latch input



------------------------------------------------------------------------------------------------
| Design Timing Summary
| ---------------------
------------------------------------------------------------------------------------------------

    WNS(ns)      TNS(ns)  TNS Failing Endpoints  TNS Total Endpoints      WHS(ns)      THS(ns)  THS Failing Endpoints  THS Total Endpoints     WPWS(ns)     TPWS(ns)  TPWS Failing Endpoints  TPWS Total Endpoints  
    -------      -------  ---------------------  -------------------      -------      -------  ---------------------  -------------------     --------     --------  ----------------------  --------------------  
      0.692        0.000                      0                16821        0.033        0.000                      0                16821        3.750        0.000                       0                  6057  


All user specified timing constraints are met.


------------------------------------------------------------------------------------------------
| Clock Summary
| -------------
------------------------------------------------------------------------------------------------

Clock       Waveform(ns)       Period(ns)      Frequency(MHz)
-----       ------------       ----------      --------------
clk_fpga_0  {0.000 5.000}      10.000          100.000         


------------------------------------------------------------------------------------------------
| Intra Clock Table
| -----------------
------------------------------------------------------------------------------------------------

Clock             WNS(ns)      TNS(ns)  TNS Failing Endpoints  TNS Total Endpoints      WHS(ns)      THS(ns)  THS Failing Endpoints  THS Total Endpoints     WPWS(ns)     TPWS(ns)  TPWS Failing Endpoints  TPWS Total Endpoints  
-----             -------      -------  ---------------------  -------------------      -------      -------  ---------------------  -------------------     --------     --------  ----------------------  --------------------  
clk_fpga_0          0.692        0.000                      0                14612        0.033        0.000                      0                14612        3.750        0.000                       0                  6057  


------------------------------------------------------------------------------------------------
| Inter Clock Table
| -----------------
------------------------------------------------------------------------------------------------

From Clock    To Clock          WNS(ns)      TNS(ns)  TNS Failing Endpoints  TNS Total Endpoints      WHS(ns)      THS(ns)  THS Failing Endpoints  THS Total Endpoints  
----------    --------          -------      -------  ---------------------  -------------------      -------      -------  ---------------------  -------------------  


------------------------------------------------------------------------------------------------
| Other Path Groups Table
| -----------------------
------------------------------------------------------------------------------------------------

Path Group         From Clock         To Clock               WNS(ns)      TNS(ns)  TNS Failing Endpoints  TNS Total Endpoints      WHS(ns)      THS(ns)  THS Failing Endpoints  THS Total Endpoints  
----------         ----------         --------               -------      -------  ---------------------  -------------------      -------      -------  ---------------------  -------------------  
**async_default**  clk_fpga_0         clk_fpga_0               1.864        0.000                      0                 2209        0.482        0.000                      0                 2209  


------------------------------------------------------------------------------------------------
| Timing Details
| --------------
------------------------------------------------------------------------------------------------


---------------------------------------------------------------------------------------------------
From Clock:  clk_fpga_0
  To Clock:  clk_fpga_0

Setup :            0  Failing Endpoints,  Worst Slack        0.692ns,  Total Violation        0.000ns
Hold  :            0  Failing Endpoints,  Worst Slack        0.033ns,  Total Violation        0.000ns
PW    :            0  Failing Endpoints,  Worst Slack        3.750ns,  Total Violation        0.000ns
---------------------------------------------------------------------------------------------------


Max Delay Paths
--------------------------------------------------------------------------------------
Slack (MET) :             0.692ns  (required time - arrival time)
  Source:                 bd_fir_dma_i/fir_decimator_n43_ax_0/inst/u_core/u_fir_n43/prod_reg_reg[0][2]/C
                            (rising edge-triggered cell FDCE clocked by clk_fpga_0  {rise@0.000ns fall@5.000ns period=10.000ns})
  Destination:            bd_fir_dma_i/fir_decimator_n43_ax_0/inst/u_core/u_fir_n43/round_reg_reg[45]/D
                            (rising edge-triggered cell FDCE clocked by clk_fpga_0  {rise@0.000ns fall@5.000ns period=10.000ns})
  Path Group:             clk_fpga_0
  Path Type:              Setup (Max at Slow Process Corner)
  Requirement:            10.000ns  (clk_fpga_0 rise@10.000ns - clk_fpga_0 rise@0.000ns)
  Data Path Delay:        9.155ns  (logic 6.170ns (67.398%)  route 2.985ns (32.602%))
  Logic Levels:           23  (CARRY4=19 LUT1=1 LUT2=2 LUT3=1)
  Clock Path Skew:        -0.061ns (DCD - SCD + CPR)
    Destination Clock Delay (DCD):    2.747ns = ( 12.747 - 10.000 ) 
    Source Clock Delay      (SCD):    3.038ns
    Clock Pessimism Removal (CPR):    0.230ns
  Clock Uncertainty:      0.154ns  ((TSJ^2 + TIJ^2)^1/2 + DJ) / 2 + PE
    Total System Jitter     (TSJ):    0.071ns
    Total Input Jitter      (TIJ):    0.300ns
    Discrete Jitter          (DJ):    0.000ns
    Phase Error              (PE):    0.000ns

    Location             Delay type                Incr(ns)  Path(ns)    Netlist Resource(s)
  -------------------------------------------------------------------    -------------------
                         (clock clk_fpga_0 rise edge)
                                                      0.000     0.000 r  
    PS7_X0Y0             PS7                          0.000     0.000 r  bd_fir_dma_i/processing_system7_0/inst/PS7_i/FCLKCLK[0]
                         net (fo=1, routed)           1.193     1.193    bd_fir_dma_i/processing_system7_0/inst/FCLK_CLK_unbuffered[0]
    BUFGCTRL_X0Y16       BUFG (Prop_bufg_I_O)         0.101     1.294 r  bd_fir_dma_i/processing_system7_0/inst/buffer_fclk_clk_0.FCLK_CLK_0_BUFG/O
                         net (fo=6058, routed)        1.744     3.038    bd_fir_dma_i/fir_decimator_n43_ax_0/inst/u_core/u_fir_n43/aclk
    SLICE_X26Y13         FDCE                                         r  bd_fir_dma_i/fir_decimator_n43_ax_0/inst/u_core/u_fir_n43/prod_reg_reg[0][2]/C
  -------------------------------------------------------------------    -------------------
    SLICE_X26Y13         FDCE (Prop_fdce_C_Q)         0.518     3.556 r  bd_fir_dma_i/fir_decimator_n43_ax_0/inst/u_core/u_fir_n43/prod_reg_reg[0][2]/Q
                         net (fo=3, routed)           0.814     4.370    bd_fir_dma_i/fir_decimator_n43_ax_0/inst/u_core/u_fir_n43/prod_reg_reg[0]_16[2]
    SLICE_X24Y13         LUT2 (Prop_lut2_I0_O)        0.124     4.494 r  bd_fir_dma_i/fir_decimator_n43_ax_0/inst/u_core/u_fir_n43/value_carry_i_3/O
                         net (fo=1, routed)           0.000     4.494    bd_fir_dma_i/fir_decimator_n43_ax_0/inst/u_core/u_fir_n43/value_carry_i_3_n_0
    SLICE_X24Y13         CARRY4 (Prop_carry4_S[1]_CO[3])
                                                      0.550     5.044 r  bd_fir_dma_i/fir_decimator_n43_ax_0/inst/u_core/u_fir_n43/value_carry/CO[3]
                         net (fo=1, routed)           0.000     5.044    bd_fir_dma_i/fir_decimator_n43_ax_0/inst/u_core/u_fir_n43/value_carry_n_0
    SLICE_X24Y14         CARRY4 (Prop_carry4_CI_CO[3])
                                                      0.114     5.158 r  bd_fir_dma_i/fir_decimator_n43_ax_0/inst/u_core/u_fir_n43/value_carry__0/CO[3]
                         net (fo=1, routed)           0.000     5.158    bd_fir_dma_i/fir_decimator_n43_ax_0/inst/u_core/u_fir_n43/value_carry__0_n_0
    SLICE_X24Y15         CARRY4 (Prop_carry4_CI_CO[3])
                                                      0.114     5.272 r  bd_fir_dma_i/fir_decimator_n43_ax_0/inst/u_core/u_fir_n43/value_carry__1/CO[3]
                         net (fo=1, routed)           0.000     5.272    bd_fir_dma_i/fir_decimator_n43_ax_0/inst/u_core/u_fir_n43/value_carry__1_n_0
    SLICE_X24Y16         CARRY4 (Prop_carry4_CI_CO[3])
                                                      0.114     5.386 r  bd_fir_dma_i/fir_decimator_n43_ax_0/inst/u_core/u_fir_n43/value_carry__2/CO[3]
                         net (fo=1, routed)           0.000     5.386    bd_fir_dma_i/fir_decimator_n43_ax_0/inst/u_core/u_fir_n43/value_carry__2_n_0
    SLICE_X24Y17         CARRY4 (Prop_carry4_CI_CO[3])
                                                      0.114     5.500 r  bd_fir_dma_i/fir_decimator_n43_ax_0/inst/u_core/u_fir_n43/value_carry__3/CO[3]
                         net (fo=1, routed)           0.000     5.500    bd_fir_dma_i/fir_decimator_n43_ax_0/inst/u_core/u_fir_n43/value_carry__3_n_0
    SLICE_X24Y18         CARRY4 (Prop_carry4_CI_CO[3])
                                                      0.114     5.614 r  bd_fir_dma_i/fir_decimator_n43_ax_0/inst/u_core/u_fir_n43/value_carry__4/CO[3]
                         net (fo=1, routed)           0.000     5.614    bd_fir_dma_i/fir_decimator_n43_ax_0/inst/u_core/u_fir_n43/value_carry__4_n_0
    SLICE_X24Y19         CARRY4 (Prop_carry4_CI_CO[3])
                                                      0.114     5.728 r  bd_fir_dma_i/fir_decimator_n43_ax_0/inst/u_core/u_fir_n43/value_carry__5/CO[3]
                         net (fo=1, routed)           0.000     5.728    bd_fir_dma_i/fir_decimator_n43_ax_0/inst/u_core/u_fir_n43/value_carry__5_n_0
    SLICE_X24Y20         CARRY4 (Prop_carry4_CI_CO[3])
                                                      0.114     5.842 r  bd_fir_dma_i/fir_decimator_n43_ax_0/inst/u_core/u_fir_n43/value_carry__6/CO[3]
                         net (fo=1, routed)           0.000     5.842    bd_fir_dma_i/fir_decimator_n43_ax_0/inst/u_core/u_fir_n43/value_carry__6_n_0
    SLICE_X24Y21         CARRY4 (Prop_carry4_CI_O[1])
                                                      0.334     6.176 f  bd_fir_dma_i/fir_decimator_n43_ax_0/inst/u_core/u_fir_n43/value_carry__7/O[1]
                         net (fo=2, routed)           0.796     6.972    bd_fir_dma_i/fir_decimator_n43_ax_0/inst/u_core/u_fir_n43/value[34]
    SLICE_X22Y27         LUT1 (Prop_lut1_I0_O)        0.303     7.275 r  bd_fir_dma_i/fir_decimator_n43_ax_0/inst/u_core/u_fir_n43/round_q2_30_to_q1_15_return2_carry__4_i_8/O
                         net (fo=1, routed)           0.000     7.275    bd_fir_dma_i/fir_decimator_n43_ax_0/inst/u_core/u_fir_n43/round_q2_30_to_q1_15_return2_carry__4_i_8_n_0
    SLICE_X22Y27         CARRY4 (Prop_carry4_S[1]_CO[3])
                                                      0.533     7.808 r  bd_fir_dma_i/fir_decimator_n43_ax_0/inst/u_core/u_fir_n43/round_q2_30_to_q1_15_return2_carry__4_i_5/CO[3]
                         net (fo=1, routed)           0.000     7.808    bd_fir_dma_i/fir_decimator_n43_ax_0/inst/u_core/u_fir_n43/round_q2_30_to_q1_15_return2_carry__4_i_5_n_0
    SLICE_X22Y28         CARRY4 (Prop_carry4_CI_CO[3])
                                                      0.117     7.925 r  bd_fir_dma_i/fir_decimator_n43_ax_0/inst/u_core/u_fir_n43/round_q2_30_to_q1_15_return2_carry__5_i_5/CO[3]
                         net (fo=1, routed)           0.000     7.925    bd_fir_dma_i/fir_decimator_n43_ax_0/inst/u_core/u_fir_n43/round_q2_30_to_q1_15_return2_carry__5_i_5_n_0
    SLICE_X22Y29         CARRY4 (Prop_carry4_CI_O[1])
                                                      0.323     8.248 r  bd_fir_dma_i/fir_decimator_n43_ax_0/inst/u_core/u_fir_n43/round_q2_30_to_q1_15_return2_carry__6_i_5/O[1]
                         net (fo=1, routed)           0.729     8.976    bd_fir_dma_i/fir_decimator_n43_ax_0/inst/u_core/u_fir_n43/round_q2_30_to_q1_15_return4[42]
    SLICE_X19Y29         LUT3 (Prop_lut3_I0_O)        0.306     9.282 r  bd_fir_dma_i/fir_decimator_n43_ax_0/inst/u_core/u_fir_n43/round_q2_30_to_q1_15_return2_carry__6_i_3/O
                         net (fo=1, routed)           0.000     9.282    bd_fir_dma_i/fir_decimator_n43_ax_0/inst/u_core/u_fir_n43/round_q2_30_to_q1_15_return3[42]
    SLICE_X19Y29         CARRY4 (Prop_carry4_S[1]_CO[3])
                                                      0.550     9.832 r  bd_fir_dma_i/fir_decimator_n43_ax_0/inst/u_core/u_fir_n43/round_q2_30_to_q1_15_return2_carry__6/CO[3]
                         net (fo=1, routed)           0.000     9.832    bd_fir_dma_i/fir_decimator_n43_ax_0/inst/u_core/u_fir_n43/round_q2_30_to_q1_15_return2_carry__6_n_0
    SLICE_X19Y30         CARRY4 (Prop_carry4_CI_O[1])
                                                      0.334    10.166 r  bd_fir_dma_i/fir_decimator_n43_ax_0/inst/u_core/u_fir_n43/round_q2_30_to_q1_15_return2_carry__7/O[1]
                         net (fo=1, routed)           0.646    10.813    bd_fir_dma_i/fir_decimator_n43_ax_0/inst/u_core/u_fir_n43/round_q2_30_to_q1_15_return2_carry__7_n_6
    SLICE_X23Y27         LUT2 (Prop_lut2_I1_O)        0.303    11.116 r  bd_fir_dma_i/fir_decimator_n43_ax_0/inst/u_core/u_fir_n43/round_reg[31]_i_2/O
                         net (fo=1, routed)           0.000    11.116    bd_fir_dma_i/fir_decimator_n43_ax_0/inst/u_core/u_fir_n43/round_reg[31]_i_2_n_0
    SLICE_X23Y27         CARRY4 (Prop_carry4_S[3]_CO[3])
                                                      0.401    11.517 r  bd_fir_dma_i/fir_decimator_n43_ax_0/inst/u_core/u_fir_n43/round_reg_reg[31]_i_1/CO[3]
                         net (fo=1, routed)           0.000    11.517    bd_fir_dma_i/fir_decimator_n43_ax_0/inst/u_core/u_fir_n43/round_reg_reg[31]_i_1_n_0
    SLICE_X23Y28         CARRY4 (Prop_carry4_CI_CO[3])
                                                      0.114    11.631 r  bd_fir_dma_i/fir_decimator_n43_ax_0/inst/u_core/u_fir_n43/round_reg_reg[35]_i_1/CO[3]
                         net (fo=1, routed)           0.000    11.631    bd_fir_dma_i/fir_decimator_n43_ax_0/inst/u_core/u_fir_n43/round_reg_reg[35]_i_1_n_0
    SLICE_X23Y29         CARRY4 (Prop_carry4_CI_CO[3])
                                                      0.114    11.745 r  bd_fir_dma_i/fir_decimator_n43_ax_0/inst/u_core/u_fir_n43/round_reg_reg[39]_i_1/CO[3]
                         net (fo=1, routed)           0.000    11.745    bd_fir_dma_i/fir_decimator_n43_ax_0/inst/u_core/u_fir_n43/round_reg_reg[39]_i_1_n_0
    SLICE_X23Y30         CARRY4 (Prop_carry4_CI_CO[3])
                                                      0.114    11.859 r  bd_fir_dma_i/fir_decimator_n43_ax_0/inst/u_core/u_fir_n43/round_reg_reg[43]_i_1/CO[3]
                         net (fo=1, routed)           0.000    11.859    bd_fir_dma_i/fir_decimator_n43_ax_0/inst/u_core/u_fir_n43/round_reg_reg[43]_i_1_n_0
    SLICE_X23Y31         CARRY4 (Prop_carry4_CI_O[1])
                                                      0.334    12.193 r  bd_fir_dma_i/fir_decimator_n43_ax_0/inst/u_core/u_fir_n43/round_reg_reg[47]_i_1/O[1]
                         net (fo=1, routed)           0.000    12.193    bd_fir_dma_i/fir_decimator_n43_ax_0/inst/u_core/u_fir_n43/round_reg_reg[47]_i_1_n_6
    SLICE_X23Y31         FDCE                                         r  bd_fir_dma_i/fir_decimator_n43_ax_0/inst/u_core/u_fir_n43/round_reg_reg[45]/D
  -------------------------------------------------------------------    -------------------

                         (clock clk_fpga_0 rise edge)
                                                     10.000    10.000 r  
    PS7_X0Y0             PS7                          0.000    10.000 r  bd_fir_dma_i/processing_system7_0/inst/PS7_i/FCLKCLK[0]
                         net (fo=1, routed)           1.088    11.088    bd_fir_dma_i/processing_system7_0/inst/FCLK_CLK_unbuffered[0]
    BUFGCTRL_X0Y16       BUFG (Prop_bufg_I_O)         0.091    11.179 r  bd_fir_dma_i/processing_system7_0/inst/buffer_fclk_clk_0.FCLK_CLK_0_BUFG/O
                         net (fo=6058, routed)        1.568    12.747    bd_fir_dma_i/fir_decimator_n43_ax_0/inst/u_core/u_fir_n43/aclk
    SLICE_X23Y31         FDCE                                         r  bd_fir_dma_i/fir_decimator_n43_ax_0/inst/u_core/u_fir_n43/round_reg_reg[45]/C
                         clock pessimism              0.230    12.977    
                         clock uncertainty           -0.154    12.823    
    SLICE_X23Y31         FDCE (Setup_fdce_C_D)        0.062    12.885    bd_fir_dma_i/fir_decimator_n43_ax_0/inst/u_core/u_fir_n43/round_reg_reg[45]
  -------------------------------------------------------------------
                         required time                         12.885    
                         arrival time                         -12.193    
  -------------------------------------------------------------------
                         slack                                  0.692    





Min Delay Paths
--------------------------------------------------------------------------------------
Slack (MET) :             0.033ns  (arrival time - required time)
  Source:                 bd_fir_dma_i/axi_dma_0/U0/I_PRMRY_DATAMOVER/GEN_MM2S_FULL.I_MM2S_FULL_WRAPPER/I_ADDR_CNTL/sig_next_addr_reg_reg[14]/C
                            (rising edge-triggered cell FDRE clocked by clk_fpga_0  {rise@0.000ns fall@5.000ns period=10.000ns})
  Destination:            bd_fir_dma_i/axi_mem_intercon/s00_couplers/auto_us/inst/gen_upsizer.gen_full_upsizer.axi_upsizer_inst/si_register_slice_inst/ar.ar_pipe/m_payload_i_reg[14]/D
                            (rising edge-triggered cell FDRE clocked by clk_fpga_0  {rise@0.000ns fall@5.000ns period=10.000ns})
  Path Group:             clk_fpga_0
  Path Type:              Hold (Min at Fast Process Corner)
  Requirement:            0.000ns  (clk_fpga_0 rise@0.000ns - clk_fpga_0 rise@0.000ns)
  Data Path Delay:        0.364ns  (logic 0.164ns (45.000%)  route 0.200ns (55.000%))
  Logic Levels:           0  
  Clock Path Skew:        0.261ns (DCD - SCD - CPR)
    Destination Clock Delay (DCD):    1.192ns
    Source Clock Delay      (SCD):    0.901ns
    Clock Pessimism Removal (CPR):    0.030ns

    Location             Delay type                Incr(ns)  Path(ns)    Netlist Resource(s)
  -------------------------------------------------------------------    -------------------
                         (clock clk_fpga_0 rise edge)
                                                      0.000     0.000 r  
    PS7_X0Y0             PS7                          0.000     0.000 r  bd_fir_dma_i/processing_system7_0/inst/PS7_i/FCLKCLK[0]
                         net (fo=1, routed)           0.310     0.310    bd_fir_dma_i/processing_system7_0/inst/FCLK_CLK_unbuffered[0]
    BUFGCTRL_X0Y16       BUFG (Prop_bufg_I_O)         0.026     0.336 r  bd_fir_dma_i/processing_system7_0/inst/buffer_fclk_clk_0.FCLK_CLK_0_BUFG/O
                         net (fo=6058, routed)        0.565     0.901    bd_fir_dma_i/axi_dma_0/U0/I_PRMRY_DATAMOVER/GEN_MM2S_FULL.I_MM2S_FULL_WRAPPER/I_ADDR_CNTL/m_axi_mm2s_aclk
    SLICE_X32Y49         FDRE                                         r  bd_fir_dma_i/axi_dma_0/U0/I_PRMRY_DATAMOVER/GEN_MM2S_FULL.I_MM2S_FULL_WRAPPER/I_ADDR_CNTL/sig_next_addr_reg_reg[14]/C
  -------------------------------------------------------------------    -------------------
    SLICE_X32Y49         FDRE (Prop_fdre_C_Q)         0.164     1.065 r  bd_fir_dma_i/axi_dma_0/U0/I_PRMRY_DATAMOVER/GEN_MM2S_FULL.I_MM2S_FULL_WRAPPER/I_ADDR_CNTL/sig_next_addr_reg_reg[14]/Q
                         net (fo=1, routed)           0.200     1.265    bd_fir_dma_i/axi_mem_intercon/s00_couplers/auto_us/inst/gen_upsizer.gen_full_upsizer.axi_upsizer_inst/si_register_slice_inst/ar.ar_pipe/D[14]
    SLICE_X33Y50         FDRE                                         r  bd_fir_dma_i/axi_mem_intercon/s00_couplers/auto_us/inst/gen_upsizer.gen_full_upsizer.axi_upsizer_inst/si_register_slice_inst/ar.ar_pipe/m_payload_i_reg[14]/D
  -------------------------------------------------------------------    -------------------

                         (clock clk_fpga_0 rise edge)
                                                      0.000     0.000 r  
    PS7_X0Y0             PS7                          0.000     0.000 r  bd_fir_dma_i/processing_system7_0/inst/PS7_i/FCLKCLK[0]
                         net (fo=1, routed)           0.337     0.337    bd_fir_dma_i/processing_system7_0/inst/FCLK_CLK_unbuffered[0]
    BUFGCTRL_X0Y16       BUFG (Prop_bufg_I_O)         0.029     0.366 r  bd_fir_dma_i/processing_system7_0/inst/buffer_fclk_clk_0.FCLK_CLK_0_BUFG/O
                         net (fo=6058, routed)        0.826     1.192    bd_fir_dma_i/axi_mem_intercon/s00_couplers/auto_us/inst/gen_upsizer.gen_full_upsizer.axi_upsizer_inst/si_register_slice_inst/ar.ar_pipe/out
    SLICE_X33Y50         FDRE                                         r  bd_fir_dma_i/axi_mem_intercon/s00_couplers/auto_us/inst/gen_upsizer.gen_full_upsizer.axi_upsizer_inst/si_register_slice_inst/ar.ar_pipe/m_payload_i_reg[14]/C
                         clock pessimism             -0.030     1.162    
    SLICE_X33Y50         FDRE (Hold_fdre_C_D)         0.070     1.232    bd_fir_dma_i/axi_mem_intercon/s00_couplers/auto_us/inst/gen_upsizer.gen_full_upsizer.axi_upsizer_inst/si_register_slice_inst/ar.ar_pipe/m_payload_i_reg[14]
  -------------------------------------------------------------------
                         required time                         -1.232    
                         arrival time                           1.265    
  -------------------------------------------------------------------
                         slack                                  0.033    





Pulse Width Checks
--------------------------------------------------------------------------------------
Clock Name:         clk_fpga_0
Waveform(ns):       { 0.000 5.000 }
Period(ns):         10.000
Sources:            { bd_fir_dma_i/processing_system7_0/inst/PS7_i/FCLKCLK[0] }

Check Type        Corner  Lib Pin             Reference Pin  Required(ns)  Actual(ns)  Slack(ns)  Location      Pin
Min Period        n/a     RAMB36E1/CLKARDCLK  n/a            2.576         10.000      7.424      RAMB36_X1Y7   bd_fir_dma_i/axi_dma_0/U0/I_PRMRY_DATAMOVER/GEN_MM2S_FULL.I_MM2S_FULL_WRAPPER/GEN_INCLUDE_MM2S_SF.I_RD_SF/I_DATA_FIFO/BLK_MEM.I_SYNC_FIFOGEN_FIFO/xpm_fifo_instance.xpm_fifo_sync_inst/xpm_fifo_base_inst/gen_sdpram.xpm_memory_base_inst/gen_wr_a.gen_word_narrow.mem_reg/CLKARDCLK
Low Pulse Width   Slow    RAMD32/CLK          n/a            1.250         5.000       3.750      SLICE_X38Y31  bd_fir_dma_i/axi_dma_0/U0/I_PRMRY_DATAMOVER/GEN_S2MM_FULL.I_S2MM_FULL_WRAPPER/GEN_ENABLE_INDET_BTT_SF.I_INDET_BTT/I_XD_FIFO/NON_BLK_MEM.I_SYNC_FIFOGEN_FIFO/xpm_fifo_instance.xpm_fifo_sync_inst/xpm_fifo_base_inst/gen_sdpram.xpm_memory_base_inst/gen_wr_a.gen_word_narrow.mem_reg_0_15_0_5/RAMA/CLK
High Pulse Width  Slow    RAMD32/CLK          n/a            1.250         5.000       3.750      SLICE_X38Y31  bd_fir_dma_i/axi_dma_0/U0/I_PRMRY_DATAMOVER/GEN_S2MM_FULL.I_S2MM_FULL_WRAPPER/GEN_ENABLE_INDET_BTT_SF.I_INDET_BTT/I_XD_FIFO/NON_BLK_MEM.I_SYNC_FIFOGEN_FIFO/xpm_fifo_instance.xpm_fifo_sync_inst/xpm_fifo_base_inst/gen_sdpram.xpm_memory_base_inst/gen_wr_a.gen_word_narrow.mem_reg_0_15_0_5/RAMA/CLK



---------------------------------------------------------------------------------------------------
Path Group:  **async_default**
From Clock:  clk_fpga_0
  To Clock:  clk_fpga_0

Setup :            0  Failing Endpoints,  Worst Slack        1.864ns,  Total Violation        0.000ns
Hold  :            0  Failing Endpoints,  Worst Slack        0.482ns,  Total Violation        0.000ns
---------------------------------------------------------------------------------------------------


Max Delay Paths
--------------------------------------------------------------------------------------
Slack (MET) :             1.864ns  (required time - arrival time)
  Source:                 bd_fir_dma_i/rst_ps7_0_100M/U0/ACTIVE_LOW_PR_OUT_DFF[0].FDRE_PER_N/C
                            (rising edge-triggered cell FDRE clocked by clk_fpga_0  {rise@0.000ns fall@5.000ns period=10.000ns})
  Destination:            bd_fir_dma_i/fir_decimator_n43_ax_0/inst/u_core/u_fir_n43/z_reg[15][4]/CLR
                            (recovery check against rising-edge clock clk_fpga_0  {rise@0.000ns fall@5.000ns period=10.000ns})
  Path Group:             **async_default**
  Path Type:              Recovery (Max at Slow Process Corner)
  Requirement:            10.000ns  (clk_fpga_0 rise@10.000ns - clk_fpga_0 rise@0.000ns)
  Data Path Delay:        7.560ns  (logic 0.580ns (7.672%)  route 6.980ns (92.328%))
  Logic Levels:           1  (LUT1=1)
  Clock Path Skew:        -0.018ns (DCD - SCD + CPR)
    Destination Clock Delay (DCD):    2.838ns = ( 12.839 - 10.000 ) 
    Source Clock Delay      (SCD):    2.971ns
    Clock Pessimism Removal (CPR):    0.115ns
  Clock Uncertainty:      0.154ns  ((TSJ^2 + TIJ^2)^1/2 + DJ) / 2 + PE
    Total System Jitter     (TSJ):    0.071ns
    Total Input Jitter      (TIJ):    0.300ns
    Discrete Jitter          (DJ):    0.000ns
    Phase Error              (PE):    0.000ns

    Location             Delay type                Incr(ns)  Path(ns)    Netlist Resource(s)
  -------------------------------------------------------------------    -------------------
                         (clock clk_fpga_0 rise edge)
                                                      0.000     0.000 r  
    PS7_X0Y0             PS7                          0.000     0.000 r  bd_fir_dma_i/processing_system7_0/inst/PS7_i/FCLKCLK[0]
                         net (fo=1, routed)           1.193     1.193    bd_fir_dma_i/processing_system7_0/inst/FCLK_CLK_unbuffered[0]
    BUFGCTRL_X0Y16       BUFG (Prop_bufg_I_O)         0.101     1.294 r  bd_fir_dma_i/processing_system7_0/inst/buffer_fclk_clk_0.FCLK_CLK_0_BUFG/O
                         net (fo=6058, routed)        1.677     2.971    bd_fir_dma_i/rst_ps7_0_100M/U0/slowest_sync_clk
    SLICE_X27Y76         FDRE                                         r  bd_fir_dma_i/rst_ps7_0_100M/U0/ACTIVE_LOW_PR_OUT_DFF[0].FDRE_PER_N/C
  -------------------------------------------------------------------    -------------------
    SLICE_X27Y76         FDRE (Prop_fdre_C_Q)         0.456     3.427 r  bd_fir_dma_i/rst_ps7_0_100M/U0/ACTIVE_LOW_PR_OUT_DFF[0].FDRE_PER_N/Q
                         net (fo=25, routed)          3.416     6.843    bd_fir_dma_i/fir_decimator_n43_ax_0/inst/u_core/u_fir_n43/aresetn
    SLICE_X34Y26         LUT1 (Prop_lut1_I0_O)        0.124     6.967 f  bd_fir_dma_i/fir_decimator_n43_ax_0/inst/u_core/u_fir_n43/valid0_i_1/O
                         net (fo=2182, routed)        3.564    10.531    bd_fir_dma_i/fir_decimator_n43_ax_0/inst/u_core/u_fir_n43/AR[0]
    SLICE_X3Y5           FDCE                                         f  bd_fir_dma_i/fir_decimator_n43_ax_0/inst/u_core/u_fir_n43/z_reg[15][4]/CLR
  -------------------------------------------------------------------    -------------------

                         (clock clk_fpga_0 rise edge)
                                                     10.000    10.000 r  
    PS7_X0Y0             PS7                          0.000    10.000 r  bd_fir_dma_i/processing_system7_0/inst/PS7_i/FCLKCLK[0]
                         net (fo=1, routed)           1.088    11.088    bd_fir_dma_i/processing_system7_0/inst/FCLK_CLK_unbuffered[0]
    BUFGCTRL_X0Y16       BUFG (Prop_bufg_I_O)         0.091    11.179 r  bd_fir_dma_i/processing_system7_0/inst/buffer_fclk_clk_0.FCLK_CLK_0_BUFG/O
                         net (fo=6058, routed)        1.659    12.839    bd_fir_dma_i/fir_decimator_n43_ax_0/inst/u_core/u_fir_n43/aclk
    SLICE_X3Y5           FDCE                                         r  bd_fir_dma_i/fir_decimator_n43_ax_0/inst/u_core/u_fir_n43/z_reg[15][4]/C
                         clock pessimism              0.115    12.953    
                         clock uncertainty           -0.154    12.799    
    SLICE_X3Y5           FDCE (Recov_fdce_C_CLR)     -0.405    12.394    bd_fir_dma_i/fir_decimator_n43_ax_0/inst/u_core/u_fir_n43/z_reg[15][4]
  -------------------------------------------------------------------
                         required time                         12.394    
                         arrival time                         -10.531    
  -------------------------------------------------------------------
                         slack                                  1.864    





Min Delay Paths
--------------------------------------------------------------------------------------
Slack (MET) :             0.482ns  (arrival time - required time)
  Source:                 <hidden>
                            (rising edge-triggered cell FDRE clocked by clk_fpga_0  {rise@0.000ns fall@5.000ns period=10.000ns})
  Destination:            <hidden>
                            (removal check against rising-edge clock clk_fpga_0  {rise@0.000ns fall@5.000ns period=10.000ns})
  Path Group:             **async_default**
  Path Type:              Removal (Min at Fast Process Corner)
  Requirement:            0.000ns  (clk_fpga_0 rise@0.000ns - clk_fpga_0 rise@0.000ns)
  Data Path Delay:        0.403ns  (logic 0.209ns (51.810%)  route 0.194ns (48.190%))
  Logic Levels:           1  (LUT3=1)
  Clock Path Skew:        0.013ns (DCD - SCD - CPR)
    Destination Clock Delay (DCD):    1.223ns
    Source Clock Delay      (SCD):    0.926ns
    Clock Pessimism Removal (CPR):    0.284ns

    Location             Delay type                Incr(ns)  Path(ns)    Netlist Resource(s)
  -------------------------------------------------------------------    -------------------
                         (clock clk_fpga_0 rise edge)
                                                      0.000     0.000 r  
    PS7_X0Y0             PS7                          0.000     0.000 r  bd_fir_dma_i/processing_system7_0/inst/PS7_i/FCLKCLK[0]
                         net (fo=1, routed)           0.310     0.310    bd_fir_dma_i/processing_system7_0/inst/FCLK_CLK_unbuffered[0]
    BUFGCTRL_X0Y16       BUFG (Prop_bufg_I_O)         0.026     0.336 r  bd_fir_dma_i/processing_system7_0/inst/buffer_fclk_clk_0.FCLK_CLK_0_BUFG/O
                         net (fo=6058, routed)        0.590     0.926    <hidden>
    SLICE_X10Y32         FDRE                                         r  <hidden>
  -------------------------------------------------------------------    -------------------
    SLICE_X10Y32         FDRE (Prop_fdre_C_Q)         0.164     1.090 f  <hidden>
                         net (fo=2, routed)           0.063     1.153    <hidden>
    SLICE_X11Y32         LUT3 (Prop_lut3_I0_O)        0.045     1.198 f  <hidden>
                         net (fo=32, routed)          0.131     1.329    <hidden>
    SLICE_X11Y32         FDCE                                         f  <hidden>
  -------------------------------------------------------------------    -------------------

                         (clock clk_fpga_0 rise edge)
                                                      0.000     0.000 r  
    PS7_X0Y0             PS7                          0.000     0.000 r  bd_fir_dma_i/processing_system7_0/inst/PS7_i/FCLKCLK[0]
                         net (fo=1, routed)           0.337     0.337    bd_fir_dma_i/processing_system7_0/inst/FCLK_CLK_unbuffered[0]
    BUFGCTRL_X0Y16       BUFG (Prop_bufg_I_O)         0.029     0.366 r  bd_fir_dma_i/processing_system7_0/inst/buffer_fclk_clk_0.FCLK_CLK_0_BUFG/O
                         net (fo=6058, routed)        0.857     1.223    <hidden>
    SLICE_X11Y32         FDCE                                         r  <hidden>
                         clock pessimism             -0.284     0.939    
    SLICE_X11Y32         FDCE (Remov_fdce_C_CLR)     -0.092     0.847    <hidden>
  -------------------------------------------------------------------
                         required time                         -0.846    
                         arrival time                           1.329    
  -------------------------------------------------------------------
                         slack                                  0.482    





