Copyright 1986-2022 Xilinx, Inc. All Rights Reserved. Copyright 2022-2024 Advanced Micro Devices, Inc. All Rights Reserved.
--------------------------------------------------------------------------------------------------------------------------------------------------------------------------
| Tool Version : Vivado v.2024.2 (lin64) Build 5239630 Fri Nov 08 22:34:34 MST 2024
| Date         : Wed Jul  1 01:50:14 2026
| Host         : young-PC running 64-bit Ubuntu 24.04.4 LTS
| Command      : report_timing_summary -file /home/young/dev/10_zynq-fir-decimation-ip/build/fir_n43/vivado/fir_decimator_trans_n43_timing_summary.rpt -warn_on_violation
| Design       : bd_fir_dma_wrapper
| Device       : 7z020-clg400
| Speed File   : -1  PRODUCTION 1.12 2019-11-22
| Design State : Routed
--------------------------------------------------------------------------------------------------------------------------------------------------------------------------

Timing Summary Report

------------------------------------------------------------------------------------------------
| Timer Settings
| --------------
------------------------------------------------------------------------------------------------

  Enable Multi Corner Analysis               :  Yes
  Enable Pessimism Removal                   :  Yes
  Pessimism Removal Resolution               :  Nearest Common Node
  Enable Input Delay Default Clock           :  No
  Enable Preset / Clear Arcs                 :  No
  Disable Flight Delays                      :  No
  Ignore I/O Paths                           :  No
  Timing Early Launch at Borrowing Latches   :  No
  Borrow Time for Max Delay Exceptions       :  Yes
  Merge Timing Exceptions                    :  Yes
  Inter-SLR Compensation                     :  Conservative

  Corner  Analyze    Analyze    
  Name    Max Paths  Min Paths  
  ------  ---------  ---------  
  Slow    Yes        Yes        
  Fast    Yes        Yes        


------------------------------------------------------------------------------------------------
| Report Methodology
| ------------------
------------------------------------------------------------------------------------------------

Rule     Severity  Description                   Violations  
-------  --------  ----------------------------  ----------  
LUTAR-1  Warning   LUT drives async reset alert  3           

Note: This report is based on the most recent report_methodology run and may not be up-to-date. Run report_methodology on the current design for the latest report.



check_timing report

Table of Contents
-----------------
1. checking no_clock (0)
2. checking constant_clock (0)
3. checking pulse_width_clock (0)
4. checking unconstrained_internal_endpoints (0)
5. checking no_input_delay (0)
6. checking no_output_delay (0)
7. checking multiple_clock (0)
8. checking generated_clocks (0)
9. checking loops (0)
10. checking partial_input_delay (0)
11. checking partial_output_delay (0)
12. checking latch_loops (0)

1. checking no_clock (0)
------------------------
 There are 0 register/latch pins with no clock.


2. checking constant_clock (0)
------------------------------
 There are 0 register/latch pins with constant_clock.


3. checking pulse_width_clock (0)
---------------------------------
 There are 0 register/latch pins which need pulse_width check


4. checking unconstrained_internal_endpoints (0)
------------------------------------------------
 There are 0 pins that are not constrained for maximum delay.

 There are 0 pins that are not constrained for maximum delay due to constant clock.


5. checking no_input_delay (0)
------------------------------
 There are 0 input ports with no input delay specified.

 There are 0 input ports with no input delay but user has a false path constraint.


6. checking no_output_delay (0)
-------------------------------
 There are 0 ports with no output delay specified.

 There are 0 ports with no output delay but user has a false path constraint

 There are 0 ports with no output delay but with a timing clock defined on it or propagating through it


7. checking multiple_clock (0)
------------------------------
 There are 0 register/latch pins with multiple clocks.


8. checking generated_clocks (0)
--------------------------------
 There are 0 generated clocks that are not connected to a clock source.


9. checking loops (0)
---------------------
 There are 0 combinational loops in the design.


10. checking partial_input_delay (0)
------------------------------------
 There are 0 input ports with partial input delay specified.


11. checking partial_output_delay (0)
-------------------------------------
 There are 0 ports with partial output delay specified.


12. checking latch_loops (0)
----------------------------
 There are 0 combinational latch loops in the design through latch input



------------------------------------------------------------------------------------------------
| Design Timing Summary
| ---------------------
------------------------------------------------------------------------------------------------

    WNS(ns)      TNS(ns)  TNS Failing Endpoints  TNS Total Endpoints      WHS(ns)      THS(ns)  THS Failing Endpoints  THS Total Endpoints     WPWS(ns)     TPWS(ns)  TPWS Failing Endpoints  TPWS Total Endpoints  
    -------      -------  ---------------------  -------------------      -------      -------  ---------------------  -------------------     --------     --------  ----------------------  --------------------  
      0.178        0.000                      0                16821        0.012        0.000                      0                16821        3.250        0.000                       0                  6057  


All user specified timing constraints are met.


------------------------------------------------------------------------------------------------
| Clock Summary
| -------------
------------------------------------------------------------------------------------------------

Clock       Waveform(ns)         Period(ns)      Frequency(MHz)
-----       ------------         ----------      --------------
clk_fpga_0  {0.000 4.500}        9.000           111.111         


------------------------------------------------------------------------------------------------
| Intra Clock Table
| -----------------
------------------------------------------------------------------------------------------------

Clock             WNS(ns)      TNS(ns)  TNS Failing Endpoints  TNS Total Endpoints      WHS(ns)      THS(ns)  THS Failing Endpoints  THS Total Endpoints     WPWS(ns)     TPWS(ns)  TPWS Failing Endpoints  TPWS Total Endpoints  
-----             -------      -------  ---------------------  -------------------      -------      -------  ---------------------  -------------------     --------     --------  ----------------------  --------------------  
clk_fpga_0          0.178        0.000                      0                14612        0.012        0.000                      0                14612        3.250        0.000                       0                  6057  


------------------------------------------------------------------------------------------------
| Inter Clock Table
| -----------------
------------------------------------------------------------------------------------------------

From Clock    To Clock          WNS(ns)      TNS(ns)  TNS Failing Endpoints  TNS Total Endpoints      WHS(ns)      THS(ns)  THS Failing Endpoints  THS Total Endpoints  
----------    --------          -------      -------  ---------------------  -------------------      -------      -------  ---------------------  -------------------  


------------------------------------------------------------------------------------------------
| Other Path Groups Table
| -----------------------
------------------------------------------------------------------------------------------------

Path Group         From Clock         To Clock               WNS(ns)      TNS(ns)  TNS Failing Endpoints  TNS Total Endpoints      WHS(ns)      THS(ns)  THS Failing Endpoints  THS Total Endpoints  
----------         ----------         --------               -------      -------  ---------------------  -------------------      -------      -------  ---------------------  -------------------  
**async_default**  clk_fpga_0         clk_fpga_0               1.150        0.000                      0                 2209        0.642        0.000                      0                 2209  


------------------------------------------------------------------------------------------------
| Timing Details
| --------------
------------------------------------------------------------------------------------------------


---------------------------------------------------------------------------------------------------
From Clock:  clk_fpga_0
  To Clock:  clk_fpga_0

Setup :            0  Failing Endpoints,  Worst Slack        0.178ns,  Total Violation        0.000ns
Hold  :            0  Failing Endpoints,  Worst Slack        0.012ns,  Total Violation        0.000ns
PW    :            0  Failing Endpoints,  Worst Slack        3.250ns,  Total Violation        0.000ns
---------------------------------------------------------------------------------------------------


Max Delay Paths
--------------------------------------------------------------------------------------
Slack (MET) :             0.178ns  (required time - arrival time)
  Source:                 bd_fir_dma_i/fir_decimator_n43_ax_0/inst/u_core/u_fir_n43/prod_reg_reg[0][1]/C
                            (rising edge-triggered cell FDCE clocked by clk_fpga_0  {rise@0.000ns fall@4.500ns period=9.000ns})
  Destination:            bd_fir_dma_i/fir_decimator_n43_ax_0/inst/u_core/u_fir_n43/round_reg_reg[45]/D
                            (rising edge-triggered cell FDCE clocked by clk_fpga_0  {rise@0.000ns fall@4.500ns period=9.000ns})
  Path Group:             clk_fpga_0
  Path Type:              Setup (Max at Slow Process Corner)
  Requirement:            9.000ns  (clk_fpga_0 rise@9.000ns - clk_fpga_0 rise@0.000ns)
  Data Path Delay:        8.673ns  (logic 5.960ns (68.716%)  route 2.713ns (31.284%))
  Logic Levels:           23  (CARRY4=19 LUT1=1 LUT2=2 LUT3=1)
  Clock Path Skew:        -0.071ns (DCD - SCD + CPR)
    Destination Clock Delay (DCD):    2.740ns = ( 11.740 - 9.000 ) 
    Source Clock Delay      (SCD):    3.041ns
    Clock Pessimism Removal (CPR):    0.230ns
  Clock Uncertainty:      0.140ns  ((TSJ^2 + TIJ^2)^1/2 + DJ) / 2 + PE
    Total System Jitter     (TSJ):    0.071ns
    Total Input Jitter      (TIJ):    0.270ns
    Discrete Jitter          (DJ):    0.000ns
    Phase Error              (PE):    0.000ns

    Location             Delay type                Incr(ns)  Path(ns)    Netlist Resource(s)
  -------------------------------------------------------------------    -------------------
                         (clock clk_fpga_0 rise edge)
                                                      0.000     0.000 r  
    PS7_X0Y0             PS7                          0.000     0.000 r  bd_fir_dma_i/processing_system7_0/inst/PS7_i/FCLKCLK[0]
                         net (fo=1, routed)           1.193     1.193    bd_fir_dma_i/processing_system7_0/inst/FCLK_CLK_unbuffered[0]
    BUFGCTRL_X0Y16       BUFG (Prop_bufg_I_O)         0.101     1.294 r  bd_fir_dma_i/processing_system7_0/inst/buffer_fclk_clk_0.FCLK_CLK_0_BUFG/O
                         net (fo=6058, routed)        1.747     3.041    bd_fir_dma_i/fir_decimator_n43_ax_0/inst/u_core/u_fir_n43/aclk
    SLICE_X17Y17         FDCE                                         r  bd_fir_dma_i/fir_decimator_n43_ax_0/inst/u_core/u_fir_n43/prod_reg_reg[0][1]/C
  -------------------------------------------------------------------    -------------------
    SLICE_X17Y17         FDCE (Prop_fdce_C_Q)         0.456     3.497 r  bd_fir_dma_i/fir_decimator_n43_ax_0/inst/u_core/u_fir_n43/prod_reg_reg[0][1]/Q
                         net (fo=3, routed)           0.662     4.159    bd_fir_dma_i/fir_decimator_n43_ax_0/inst/u_core/u_fir_n43/prod_reg_reg[0]_16[1]
    SLICE_X19Y16         LUT2 (Prop_lut2_I0_O)        0.124     4.283 r  bd_fir_dma_i/fir_decimator_n43_ax_0/inst/u_core/u_fir_n43/value_carry_i_4/O
                         net (fo=1, routed)           0.000     4.283    bd_fir_dma_i/fir_decimator_n43_ax_0/inst/u_core/u_fir_n43/value_carry_i_4_n_0
    SLICE_X19Y16         CARRY4 (Prop_carry4_S[0]_CO[3])
                                                      0.532     4.815 r  bd_fir_dma_i/fir_decimator_n43_ax_0/inst/u_core/u_fir_n43/value_carry/CO[3]
                         net (fo=1, routed)           0.000     4.815    bd_fir_dma_i/fir_decimator_n43_ax_0/inst/u_core/u_fir_n43/value_carry_n_0
    SLICE_X19Y17         CARRY4 (Prop_carry4_CI_CO[3])
                                                      0.114     4.929 r  bd_fir_dma_i/fir_decimator_n43_ax_0/inst/u_core/u_fir_n43/value_carry__0/CO[3]
                         net (fo=1, routed)           0.000     4.929    bd_fir_dma_i/fir_decimator_n43_ax_0/inst/u_core/u_fir_n43/value_carry__0_n_0
    SLICE_X19Y18         CARRY4 (Prop_carry4_CI_O[1])
                                                      0.334     5.263 f  bd_fir_dma_i/fir_decimator_n43_ax_0/inst/u_core/u_fir_n43/value_carry__1/O[1]
                         net (fo=1, routed)           0.726     5.988    bd_fir_dma_i/fir_decimator_n43_ax_0/inst/u_core/u_fir_n43/value[10]
    SLICE_X22Y18         LUT1 (Prop_lut1_I0_O)        0.303     6.291 r  bd_fir_dma_i/fir_decimator_n43_ax_0/inst/u_core/u_fir_n43/round_q2_30_to_q1_15_return2_carry_i_14/O
                         net (fo=1, routed)           0.000     6.291    bd_fir_dma_i/fir_decimator_n43_ax_0/inst/u_core/u_fir_n43/round_q2_30_to_q1_15_return2_carry_i_14_n_0
    SLICE_X22Y18         CARRY4 (Prop_carry4_S[1]_CO[3])
                                                      0.533     6.824 r  bd_fir_dma_i/fir_decimator_n43_ax_0/inst/u_core/u_fir_n43/round_q2_30_to_q1_15_return2_carry_i_6/CO[3]
                         net (fo=1, routed)           0.000     6.824    bd_fir_dma_i/fir_decimator_n43_ax_0/inst/u_core/u_fir_n43/round_q2_30_to_q1_15_return2_carry_i_6_n_0
    SLICE_X22Y19         CARRY4 (Prop_carry4_CI_CO[3])
                                                      0.117     6.941 r  bd_fir_dma_i/fir_decimator_n43_ax_0/inst/u_core/u_fir_n43/round_q2_30_to_q1_15_return2_carry_i_5/CO[3]
                         net (fo=1, routed)           0.000     6.941    bd_fir_dma_i/fir_decimator_n43_ax_0/inst/u_core/u_fir_n43/round_q2_30_to_q1_15_return2_carry_i_5_n_0
    SLICE_X22Y20         CARRY4 (Prop_carry4_CI_CO[3])
                                                      0.117     7.058 r  bd_fir_dma_i/fir_decimator_n43_ax_0/inst/u_core/u_fir_n43/round_q2_30_to_q1_15_return2_carry__0_i_5/CO[3]
                         net (fo=1, routed)           0.000     7.058    bd_fir_dma_i/fir_decimator_n43_ax_0/inst/u_core/u_fir_n43/round_q2_30_to_q1_15_return2_carry__0_i_5_n_0
    SLICE_X22Y21         CARRY4 (Prop_carry4_CI_O[0])
                                                      0.219     7.277 r  bd_fir_dma_i/fir_decimator_n43_ax_0/inst/u_core/u_fir_n43/round_q2_30_to_q1_15_return2_carry__1_i_5/O[0]
                         net (fo=1, routed)           0.647     7.924    bd_fir_dma_i/fir_decimator_n43_ax_0/inst/u_core/u_fir_n43/round_q2_30_to_q1_15_return4[21]
    SLICE_X23Y21         LUT3 (Prop_lut3_I0_O)        0.295     8.219 r  bd_fir_dma_i/fir_decimator_n43_ax_0/inst/u_core/u_fir_n43/round_q2_30_to_q1_15_return2_carry__1_i_4/O
                         net (fo=1, routed)           0.000     8.219    bd_fir_dma_i/fir_decimator_n43_ax_0/inst/u_core/u_fir_n43/round_q2_30_to_q1_15_return3[21]
    SLICE_X23Y21         CARRY4 (Prop_carry4_S[0]_CO[3])
                                                      0.532     8.751 r  bd_fir_dma_i/fir_decimator_n43_ax_0/inst/u_core/u_fir_n43/round_q2_30_to_q1_15_return2_carry__1/CO[3]
                         net (fo=1, routed)           0.000     8.751    bd_fir_dma_i/fir_decimator_n43_ax_0/inst/u_core/u_fir_n43/round_q2_30_to_q1_15_return2_carry__1_n_0
    SLICE_X23Y22         CARRY4 (Prop_carry4_CI_CO[3])
                                                      0.114     8.865 r  bd_fir_dma_i/fir_decimator_n43_ax_0/inst/u_core/u_fir_n43/round_q2_30_to_q1_15_return2_carry__2/CO[3]
                         net (fo=1, routed)           0.000     8.865    bd_fir_dma_i/fir_decimator_n43_ax_0/inst/u_core/u_fir_n43/round_q2_30_to_q1_15_return2_carry__2_n_0
    SLICE_X23Y23         CARRY4 (Prop_carry4_CI_CO[3])
                                                      0.114     8.979 r  bd_fir_dma_i/fir_decimator_n43_ax_0/inst/u_core/u_fir_n43/round_q2_30_to_q1_15_return2_carry__3/CO[3]
                         net (fo=1, routed)           0.000     8.979    bd_fir_dma_i/fir_decimator_n43_ax_0/inst/u_core/u_fir_n43/round_q2_30_to_q1_15_return2_carry__3_n_0
    SLICE_X23Y24         CARRY4 (Prop_carry4_CI_CO[3])
                                                      0.114     9.093 r  bd_fir_dma_i/fir_decimator_n43_ax_0/inst/u_core/u_fir_n43/round_q2_30_to_q1_15_return2_carry__4/CO[3]
                         net (fo=1, routed)           0.009     9.102    bd_fir_dma_i/fir_decimator_n43_ax_0/inst/u_core/u_fir_n43/round_q2_30_to_q1_15_return2_carry__4_n_0
    SLICE_X23Y25         CARRY4 (Prop_carry4_CI_O[1])
                                                      0.334     9.436 r  bd_fir_dma_i/fir_decimator_n43_ax_0/inst/u_core/u_fir_n43/round_q2_30_to_q1_15_return2_carry__5/O[1]
                         net (fo=1, routed)           0.661    10.097    bd_fir_dma_i/fir_decimator_n43_ax_0/inst/u_core/u_fir_n43/round_q2_30_to_q1_15_return2_carry__5_n_6
    SLICE_X25Y24         LUT2 (Prop_lut2_I1_O)        0.303    10.400 r  bd_fir_dma_i/fir_decimator_n43_ax_0/inst/u_core/u_fir_n43/round_reg[23]_i_2/O
                         net (fo=1, routed)           0.000    10.400    bd_fir_dma_i/fir_decimator_n43_ax_0/inst/u_core/u_fir_n43/round_reg[23]_i_2_n_0
    SLICE_X25Y24         CARRY4 (Prop_carry4_S[3]_CO[3])
                                                      0.401    10.801 r  bd_fir_dma_i/fir_decimator_n43_ax_0/inst/u_core/u_fir_n43/round_reg_reg[23]_i_1/CO[3]
                         net (fo=1, routed)           0.009    10.810    bd_fir_dma_i/fir_decimator_n43_ax_0/inst/u_core/u_fir_n43/round_reg_reg[23]_i_1_n_0
    SLICE_X25Y25         CARRY4 (Prop_carry4_CI_CO[3])
                                                      0.114    10.924 r  bd_fir_dma_i/fir_decimator_n43_ax_0/inst/u_core/u_fir_n43/round_reg_reg[27]_i_1/CO[3]
                         net (fo=1, routed)           0.000    10.924    bd_fir_dma_i/fir_decimator_n43_ax_0/inst/u_core/u_fir_n43/round_reg_reg[27]_i_1_n_0
    SLICE_X25Y26         CARRY4 (Prop_carry4_CI_CO[3])
                                                      0.114    11.038 r  bd_fir_dma_i/fir_decimator_n43_ax_0/inst/u_core/u_fir_n43/round_reg_reg[31]_i_1/CO[3]
                         net (fo=1, routed)           0.000    11.038    bd_fir_dma_i/fir_decimator_n43_ax_0/inst/u_core/u_fir_n43/round_reg_reg[31]_i_1_n_0
    SLICE_X25Y27         CARRY4 (Prop_carry4_CI_CO[3])
                                                      0.114    11.152 r  bd_fir_dma_i/fir_decimator_n43_ax_0/inst/u_core/u_fir_n43/round_reg_reg[35]_i_1/CO[3]
                         net (fo=1, routed)           0.000    11.152    bd_fir_dma_i/fir_decimator_n43_ax_0/inst/u_core/u_fir_n43/round_reg_reg[35]_i_1_n_0
    SLICE_X25Y28         CARRY4 (Prop_carry4_CI_CO[3])
                                                      0.114    11.266 r  bd_fir_dma_i/fir_decimator_n43_ax_0/inst/u_core/u_fir_n43/round_reg_reg[39]_i_1/CO[3]
                         net (fo=1, routed)           0.000    11.266    bd_fir_dma_i/fir_decimator_n43_ax_0/inst/u_core/u_fir_n43/round_reg_reg[39]_i_1_n_0
    SLICE_X25Y29         CARRY4 (Prop_carry4_CI_CO[3])
                                                      0.114    11.380 r  bd_fir_dma_i/fir_decimator_n43_ax_0/inst/u_core/u_fir_n43/round_reg_reg[43]_i_1/CO[3]
                         net (fo=1, routed)           0.000    11.380    bd_fir_dma_i/fir_decimator_n43_ax_0/inst/u_core/u_fir_n43/round_reg_reg[43]_i_1_n_0
    SLICE_X25Y30         CARRY4 (Prop_carry4_CI_O[1])
                                                      0.334    11.714 r  bd_fir_dma_i/fir_decimator_n43_ax_0/inst/u_core/u_fir_n43/round_reg_reg[47]_i_1/O[1]
                         net (fo=1, routed)           0.000    11.714    bd_fir_dma_i/fir_decimator_n43_ax_0/inst/u_core/u_fir_n43/round_reg_reg[47]_i_1_n_6
    SLICE_X25Y30         FDCE                                         r  bd_fir_dma_i/fir_decimator_n43_ax_0/inst/u_core/u_fir_n43/round_reg_reg[45]/D
  -------------------------------------------------------------------    -------------------

                         (clock clk_fpga_0 rise edge)
                                                      9.000     9.000 r  
    PS7_X0Y0             PS7                          0.000     9.000 r  bd_fir_dma_i/processing_system7_0/inst/PS7_i/FCLKCLK[0]
                         net (fo=1, routed)           1.088    10.088    bd_fir_dma_i/processing_system7_0/inst/FCLK_CLK_unbuffered[0]
    BUFGCTRL_X0Y16       BUFG (Prop_bufg_I_O)         0.091    10.179 r  bd_fir_dma_i/processing_system7_0/inst/buffer_fclk_clk_0.FCLK_CLK_0_BUFG/O
                         net (fo=6058, routed)        1.561    11.740    bd_fir_dma_i/fir_decimator_n43_ax_0/inst/u_core/u_fir_n43/aclk
    SLICE_X25Y30         FDCE                                         r  bd_fir_dma_i/fir_decimator_n43_ax_0/inst/u_core/u_fir_n43/round_reg_reg[45]/C
                         clock pessimism              0.230    11.970    
                         clock uncertainty           -0.140    11.830    
    SLICE_X25Y30         FDCE (Setup_fdce_C_D)        0.062    11.892    bd_fir_dma_i/fir_decimator_n43_ax_0/inst/u_core/u_fir_n43/round_reg_reg[45]
  -------------------------------------------------------------------
                         required time                         11.892    
                         arrival time                         -11.714    
  -------------------------------------------------------------------
                         slack                                  0.178    





Min Delay Paths
--------------------------------------------------------------------------------------
Slack (MET) :             0.012ns  (arrival time - required time)
  Source:                 bd_fir_dma_i/axi_dma_0/U0/INCLUDE_S2MM_SOF_EOF_GENERATOR.I_S2MM_DMA_MNGR/GEN_S2MM_DMA_CONTROL.GEN_SIMPLE_DMA_MODE.I_S2MM_SMPL_SM/GEN_CMD_BTT_LESS_23.cmnd_data_reg[50]/C
                            (rising edge-triggered cell FDRE clocked by clk_fpga_0  {rise@0.000ns fall@4.500ns period=9.000ns})
  Destination:            bd_fir_dma_i/axi_dma_0/U0/I_PRMRY_DATAMOVER/GEN_S2MM_FULL.I_S2MM_FULL_WRAPPER/I_CMD_STATUS/I_CMD_FIFO/USE_SINGLE_REG.sig_regfifo_dout_reg_reg[50]/D
                            (rising edge-triggered cell FDRE clocked by clk_fpga_0  {rise@0.000ns fall@4.500ns period=9.000ns})
  Path Group:             clk_fpga_0
  Path Type:              Hold (Min at Fast Process Corner)
  Requirement:            0.000ns  (clk_fpga_0 rise@0.000ns - clk_fpga_0 rise@0.000ns)
  Data Path Delay:        0.310ns  (logic 0.128ns (41.230%)  route 0.182ns (58.770%))
  Logic Levels:           0  
  Clock Path Skew:        0.273ns (DCD - SCD - CPR)
    Destination Clock Delay (DCD):    1.196ns
    Source Clock Delay      (SCD):    0.893ns
    Clock Pessimism Removal (CPR):    0.030ns

    Location             Delay type                Incr(ns)  Path(ns)    Netlist Resource(s)
  -------------------------------------------------------------------    -------------------
                         (clock clk_fpga_0 rise edge)
                                                      0.000     0.000 r  
    PS7_X0Y0             PS7                          0.000     0.000 r  bd_fir_dma_i/processing_system7_0/inst/PS7_i/FCLKCLK[0]
                         net (fo=1, routed)           0.310     0.310    bd_fir_dma_i/processing_system7_0/inst/FCLK_CLK_unbuffered[0]
    BUFGCTRL_X0Y16       BUFG (Prop_bufg_I_O)         0.026     0.336 r  bd_fir_dma_i/processing_system7_0/inst/buffer_fclk_clk_0.FCLK_CLK_0_BUFG/O
                         net (fo=6058, routed)        0.557     0.893    bd_fir_dma_i/axi_dma_0/U0/INCLUDE_S2MM_SOF_EOF_GENERATOR.I_S2MM_DMA_MNGR/GEN_S2MM_DMA_CONTROL.GEN_SIMPLE_DMA_MODE.I_S2MM_SMPL_SM/s_axi_lite_aclk
    SLICE_X45Y50         FDRE                                         r  bd_fir_dma_i/axi_dma_0/U0/INCLUDE_S2MM_SOF_EOF_GENERATOR.I_S2MM_DMA_MNGR/GEN_S2MM_DMA_CONTROL.GEN_SIMPLE_DMA_MODE.I_S2MM_SMPL_SM/GEN_CMD_BTT_LESS_23.cmnd_data_reg[50]/C
  -------------------------------------------------------------------    -------------------
    SLICE_X45Y50         FDRE (Prop_fdre_C_Q)         0.128     1.021 r  bd_fir_dma_i/axi_dma_0/U0/INCLUDE_S2MM_SOF_EOF_GENERATOR.I_S2MM_DMA_MNGR/GEN_S2MM_DMA_CONTROL.GEN_SIMPLE_DMA_MODE.I_S2MM_SMPL_SM/GEN_CMD_BTT_LESS_23.cmnd_data_reg[50]/Q
                         net (fo=1, routed)           0.182     1.203    bd_fir_dma_i/axi_dma_0/U0/I_PRMRY_DATAMOVER/GEN_S2MM_FULL.I_S2MM_FULL_WRAPPER/I_CMD_STATUS/I_CMD_FIFO/USE_SINGLE_REG.sig_regfifo_dout_reg_reg[66]_0[40]
    SLICE_X45Y49         FDRE                                         r  bd_fir_dma_i/axi_dma_0/U0/I_PRMRY_DATAMOVER/GEN_S2MM_FULL.I_S2MM_FULL_WRAPPER/I_CMD_STATUS/I_CMD_FIFO/USE_SINGLE_REG.sig_regfifo_dout_reg_reg[50]/D
  -------------------------------------------------------------------    -------------------

                         (clock clk_fpga_0 rise edge)
                                                      0.000     0.000 r  
    PS7_X0Y0             PS7                          0.000     0.000 r  bd_fir_dma_i/processing_system7_0/inst/PS7_i/FCLKCLK[0]
                         net (fo=1, routed)           0.337     0.337    bd_fir_dma_i/processing_system7_0/inst/FCLK_CLK_unbuffered[0]
    BUFGCTRL_X0Y16       BUFG (Prop_bufg_I_O)         0.029     0.366 r  bd_fir_dma_i/processing_system7_0/inst/buffer_fclk_clk_0.FCLK_CLK_0_BUFG/O
                         net (fo=6058, routed)        0.830     1.196    bd_fir_dma_i/axi_dma_0/U0/I_PRMRY_DATAMOVER/GEN_S2MM_FULL.I_S2MM_FULL_WRAPPER/I_CMD_STATUS/I_CMD_FIFO/m_axi_s2mm_aclk
    SLICE_X45Y49         FDRE                                         r  bd_fir_dma_i/axi_dma_0/U0/I_PRMRY_DATAMOVER/GEN_S2MM_FULL.I_S2MM_FULL_WRAPPER/I_CMD_STATUS/I_CMD_FIFO/USE_SINGLE_REG.sig_regfifo_dout_reg_reg[50]/C
                         clock pessimism             -0.030     1.166    
    SLICE_X45Y49         FDRE (Hold_fdre_C_D)         0.025     1.191    bd_fir_dma_i/axi_dma_0/U0/I_PRMRY_DATAMOVER/GEN_S2MM_FULL.I_S2MM_FULL_WRAPPER/I_CMD_STATUS/I_CMD_FIFO/USE_SINGLE_REG.sig_regfifo_dout_reg_reg[50]
  -------------------------------------------------------------------
                         required time                         -1.191    
                         arrival time                           1.203    
  -------------------------------------------------------------------
                         slack                                  0.012    





Pulse Width Checks
--------------------------------------------------------------------------------------
Clock Name:         clk_fpga_0
Waveform(ns):       { 0.000 4.500 }
Period(ns):         9.000
Sources:            { bd_fir_dma_i/processing_system7_0/inst/PS7_i/FCLKCLK[0] }

Check Type        Corner  Lib Pin             Reference Pin  Required(ns)  Actual(ns)  Slack(ns)  Location      Pin
Min Period        n/a     RAMB36E1/CLKARDCLK  n/a            2.576         9.000       6.424      RAMB36_X1Y7   bd_fir_dma_i/axi_dma_0/U0/I_PRMRY_DATAMOVER/GEN_MM2S_FULL.I_MM2S_FULL_WRAPPER/GEN_INCLUDE_MM2S_SF.I_RD_SF/I_DATA_FIFO/BLK_MEM.I_SYNC_FIFOGEN_FIFO/xpm_fifo_instance.xpm_fifo_sync_inst/xpm_fifo_base_inst/gen_sdpram.xpm_memory_base_inst/gen_wr_a.gen_word_narrow.mem_reg/CLKARDCLK
Low Pulse Width   Slow    RAMD32/CLK          n/a            1.250         4.500       3.250      SLICE_X38Y32  bd_fir_dma_i/axi_dma_0/U0/I_PRMRY_DATAMOVER/GEN_S2MM_FULL.I_S2MM_FULL_WRAPPER/GEN_ENABLE_INDET_BTT_SF.I_INDET_BTT/I_XD_FIFO/NON_BLK_MEM.I_SYNC_FIFOGEN_FIFO/xpm_fifo_instance.xpm_fifo_sync_inst/xpm_fifo_base_inst/gen_sdpram.xpm_memory_base_inst/gen_wr_a.gen_word_narrow.mem_reg_0_15_0_5/RAMA/CLK
High Pulse Width  Slow    RAMD32/CLK          n/a            1.250         4.500       3.250      SLICE_X38Y32  bd_fir_dma_i/axi_dma_0/U0/I_PRMRY_DATAMOVER/GEN_S2MM_FULL.I_S2MM_FULL_WRAPPER/GEN_ENABLE_INDET_BTT_SF.I_INDET_BTT/I_XD_FIFO/NON_BLK_MEM.I_SYNC_FIFOGEN_FIFO/xpm_fifo_instance.xpm_fifo_sync_inst/xpm_fifo_base_inst/gen_sdpram.xpm_memory_base_inst/gen_wr_a.gen_word_narrow.mem_reg_0_15_0_5/RAMA/CLK



---------------------------------------------------------------------------------------------------
Path Group:  **async_default**
From Clock:  clk_fpga_0
  To Clock:  clk_fpga_0

Setup :            0  Failing Endpoints,  Worst Slack        1.150ns,  Total Violation        0.000ns
Hold  :            0  Failing Endpoints,  Worst Slack        0.642ns,  Total Violation        0.000ns
---------------------------------------------------------------------------------------------------


Max Delay Paths
--------------------------------------------------------------------------------------
Slack (MET) :             1.150ns  (required time - arrival time)
  Source:                 bd_fir_dma_i/rst_ps7_0_100M/U0/ACTIVE_LOW_PR_OUT_DFF[0].FDRE_PER_N/C
                            (rising edge-triggered cell FDRE clocked by clk_fpga_0  {rise@0.000ns fall@4.500ns period=9.000ns})
  Destination:            bd_fir_dma_i/fir_decimator_n43_ax_0/inst/u_core/u_fir_n43/z_reg[27][16]/CLR
                            (recovery check against rising-edge clock clk_fpga_0  {rise@0.000ns fall@4.500ns period=9.000ns})
  Path Group:             **async_default**
  Path Type:              Recovery (Max at Slow Process Corner)
  Requirement:            9.000ns  (clk_fpga_0 rise@9.000ns - clk_fpga_0 rise@0.000ns)
  Data Path Delay:        7.283ns  (logic 0.580ns (7.964%)  route 6.703ns (92.036%))
  Logic Levels:           1  (LUT1=1)
  Clock Path Skew:        -0.023ns (DCD - SCD + CPR)
    Destination Clock Delay (DCD):    2.837ns = ( 11.837 - 9.000 ) 
    Source Clock Delay      (SCD):    2.975ns
    Clock Pessimism Removal (CPR):    0.115ns
  Clock Uncertainty:      0.140ns  ((TSJ^2 + TIJ^2)^1/2 + DJ) / 2 + PE
    Total System Jitter     (TSJ):    0.071ns
    Total Input Jitter      (TIJ):    0.270ns
    Discrete Jitter          (DJ):    0.000ns
    Phase Error              (PE):    0.000ns

    Location             Delay type                Incr(ns)  Path(ns)    Netlist Resource(s)
  -------------------------------------------------------------------    -------------------
                         (clock clk_fpga_0 rise edge)
                                                      0.000     0.000 r  
    PS7_X0Y0             PS7                          0.000     0.000 r  bd_fir_dma_i/processing_system7_0/inst/PS7_i/FCLKCLK[0]
                         net (fo=1, routed)           1.193     1.193    bd_fir_dma_i/processing_system7_0/inst/FCLK_CLK_unbuffered[0]
    BUFGCTRL_X0Y16       BUFG (Prop_bufg_I_O)         0.101     1.294 r  bd_fir_dma_i/processing_system7_0/inst/buffer_fclk_clk_0.FCLK_CLK_0_BUFG/O
                         net (fo=6058, routed)        1.681     2.975    bd_fir_dma_i/rst_ps7_0_100M/U0/slowest_sync_clk
    SLICE_X28Y76         FDRE                                         r  bd_fir_dma_i/rst_ps7_0_100M/U0/ACTIVE_LOW_PR_OUT_DFF[0].FDRE_PER_N/C
  -------------------------------------------------------------------    -------------------
    SLICE_X28Y76         FDRE (Prop_fdre_C_Q)         0.456     3.431 r  bd_fir_dma_i/rst_ps7_0_100M/U0/ACTIVE_LOW_PR_OUT_DFF[0].FDRE_PER_N/Q
                         net (fo=25, routed)          3.127     6.558    bd_fir_dma_i/fir_decimator_n43_ax_0/inst/u_core/u_fir_n43/aresetn
    SLICE_X36Y28         LUT1 (Prop_lut1_I0_O)        0.124     6.682 f  bd_fir_dma_i/fir_decimator_n43_ax_0/inst/u_core/u_fir_n43/valid0_i_1/O
                         net (fo=2182, routed)        3.577    10.258    bd_fir_dma_i/fir_decimator_n43_ax_0/inst/u_core/u_fir_n43/AR[0]
    SLICE_X3Y8           FDCE                                         f  bd_fir_dma_i/fir_decimator_n43_ax_0/inst/u_core/u_fir_n43/z_reg[27][16]/CLR
  -------------------------------------------------------------------    -------------------

                         (clock clk_fpga_0 rise edge)
                                                      9.000     9.000 r  
    PS7_X0Y0             PS7                          0.000     9.000 r  bd_fir_dma_i/processing_system7_0/inst/PS7_i/FCLKCLK[0]
                         net (fo=1, routed)           1.088    10.088    bd_fir_dma_i/processing_system7_0/inst/FCLK_CLK_unbuffered[0]
    BUFGCTRL_X0Y16       BUFG (Prop_bufg_I_O)         0.091    10.179 r  bd_fir_dma_i/processing_system7_0/inst/buffer_fclk_clk_0.FCLK_CLK_0_BUFG/O
                         net (fo=6058, routed)        1.658    11.837    bd_fir_dma_i/fir_decimator_n43_ax_0/inst/u_core/u_fir_n43/aclk
    SLICE_X3Y8           FDCE                                         r  bd_fir_dma_i/fir_decimator_n43_ax_0/inst/u_core/u_fir_n43/z_reg[27][16]/C
                         clock pessimism              0.115    11.952    
                         clock uncertainty           -0.140    11.813    
    SLICE_X3Y8           FDCE (Recov_fdce_C_CLR)     -0.405    11.408    bd_fir_dma_i/fir_decimator_n43_ax_0/inst/u_core/u_fir_n43/z_reg[27][16]
  -------------------------------------------------------------------
                         required time                         11.408    
                         arrival time                         -10.258    
  -------------------------------------------------------------------
                         slack                                  1.150    





Min Delay Paths
--------------------------------------------------------------------------------------
Slack (MET) :             0.642ns  (arrival time - required time)
  Source:                 <hidden>
                            (rising edge-triggered cell FDPE clocked by clk_fpga_0  {rise@0.000ns fall@4.500ns period=9.000ns})
  Destination:            <hidden>
                            (removal check against rising-edge clock clk_fpga_0  {rise@0.000ns fall@4.500ns period=9.000ns})
  Path Group:             **async_default**
  Path Type:              Removal (Min at Fast Process Corner)
  Requirement:            0.000ns  (clk_fpga_0 rise@0.000ns - clk_fpga_0 rise@0.000ns)
  Data Path Delay:        0.564ns  (logic 0.246ns (43.641%)  route 0.318ns (56.359%))
  Logic Levels:           1  (LUT3=1)
  Clock Path Skew:        0.014ns (DCD - SCD - CPR)
    Destination Clock Delay (DCD):    1.225ns
    Source Clock Delay      (SCD):    0.928ns
    Clock Pessimism Removal (CPR):    0.283ns

    Location             Delay type                Incr(ns)  Path(ns)    Netlist Resource(s)
  -------------------------------------------------------------------    -------------------
                         (clock clk_fpga_0 rise edge)
                                                      0.000     0.000 r  
    PS7_X0Y0             PS7                          0.000     0.000 r  bd_fir_dma_i/processing_system7_0/inst/PS7_i/FCLKCLK[0]
                         net (fo=1, routed)           0.310     0.310    bd_fir_dma_i/processing_system7_0/inst/FCLK_CLK_unbuffered[0]
    BUFGCTRL_X0Y16       BUFG (Prop_bufg_I_O)         0.026     0.336 r  bd_fir_dma_i/processing_system7_0/inst/buffer_fclk_clk_0.FCLK_CLK_0_BUFG/O
                         net (fo=6058, routed)        0.592     0.928    <hidden>
    SLICE_X8Y35          FDPE                                         r  <hidden>
  -------------------------------------------------------------------    -------------------
    SLICE_X8Y35          FDPE (Prop_fdpe_C_Q)         0.148     1.076 f  <hidden>
                         net (fo=3, routed)           0.132     1.207    <hidden>
    SLICE_X8Y34          LUT3 (Prop_lut3_I2_O)        0.098     1.305 f  <hidden>
                         net (fo=32, routed)          0.186     1.491    <hidden>
    SLICE_X9Y34          FDCE                                         f  <hidden>
  -------------------------------------------------------------------    -------------------

                         (clock clk_fpga_0 rise edge)
                                                      0.000     0.000 r  
    PS7_X0Y0             PS7                          0.000     0.000 r  bd_fir_dma_i/processing_system7_0/inst/PS7_i/FCLKCLK[0]
                         net (fo=1, routed)           0.337     0.337    bd_fir_dma_i/processing_system7_0/inst/FCLK_CLK_unbuffered[0]
    BUFGCTRL_X0Y16       BUFG (Prop_bufg_I_O)         0.029     0.366 r  bd_fir_dma_i/processing_system7_0/inst/buffer_fclk_clk_0.FCLK_CLK_0_BUFG/O
                         net (fo=6058, routed)        0.859     1.225    <hidden>
    SLICE_X9Y34          FDCE                                         r  <hidden>
                         clock pessimism             -0.283     0.942    
    SLICE_X9Y34          FDCE (Remov_fdce_C_CLR)     -0.092     0.850    <hidden>
  -------------------------------------------------------------------
                         required time                         -0.849    
                         arrival time                           1.491    
  -------------------------------------------------------------------
                         slack                                  0.642    





