----------------------------------------------------------------------------------------------------
Startpoint: z_reg[0][47]/Q
    (Clocked by clk R)
Endpoint: round_reg_reg[32]/DATA
    (Clocked by clk R)
Path Group: default
Data required time: 9719.7
    (Clock shift: 10000.0, minus Uncertainty: 0.0, plus Latency 0.0, minus Setup time: 280.3)
Data arrival time: 9590.5
Slack: 129.2
Logic depth: 33
----------------------------------------------------------------------------------------------------
                                                                 Arrival          Total             
Path                     Module/Cell              Slew    Delay     Time  Edge     Load     Location
                                                  (ps)     (ps)     (ps)           (ff)      (um,um)
----------------------------------------------------------------------------------------------------
clk                      {create_clock}                     0.0      0.0     r      0.0     0,  733 
z_reg[0][47]/CLK->Q      DFFC*                     0.0   1011.0   1011.0    rf   1837.0   263,  765 
i_0_15_60/SEL->Z         MUX2                     92.7    284.8   1295.8    fr     17.3   632,  701 
i_0_119/i_75/D->Z        NAND4                    49.9    239.5   1535.2    rf     17.1   632,  701 
i_0_119/i_71/A->Z        NOR4*                   148.0    402.7   1937.9    fr     17.6   632,  701 
i_0_119/i_70/B->Z        NOR2                     83.5    108.3   2046.2    rf     34.1   632,  701 
i_0_119/i_69/B->Z        NOR2                     76.2    181.8   2228.0    fr     33.4   632,  701 
i_0_119/i_68/B->Z        NAND2                   132.6    167.0   2395.0    rf     38.7   632,  701 
i_0_119/i_67/A->Z        BUFI4                   100.3    107.1   2502.1    fr     32.2   632,  701 
i_0_119/i_66/B->Z        NAND2                    54.5    142.4   2644.5    rf     34.1   632,  701 
i_0_119/i_4/B->Z         XNOR2                    92.7    387.2   3031.7    ff     50.4   632,  701 
i_0_120/i_62/D->Z        NOR4*                   115.4    341.6   3373.2    fr     39.9   632,  701 
i_0_120/i_61/A->Z        BUFI4                    92.7     57.6   3430.8    rf     16.5   632,  701 
i_0_120/i_60/B->Z        NOR2                     34.3    161.9   3592.7    fr     33.9   632,  701 
i_0_120/i_59/A->Z        NAND2                   134.0    190.8   3783.5    rf     44.3   632,  701 
i_0_120/i_57/C->Z        NOR3*                   109.6    389.6   4173.2    fr     34.5   632,  701 
i_0_120/i_56/A->Z        NAND2                    92.7    175.6   4348.7    rf     44.3   632,  701 
i_0_120/i_54/C->Z        NOR3*                   109.6    389.6   4738.3    fr     34.5   632,  701 
i_0_120/i_53/A->Z        NAND2                    92.7    175.6   4913.9    rf     44.3   632,  701 
i_0_120/i_51/C->Z        NOR3*                   109.6    389.6   5303.5    fr     34.5   632,  701 
i_0_120/i_50/A->Z        NAND2                    92.7    175.6   5479.1    rf     44.3   632,  701 
i_0_120/i_48/C->Z        NOR3*                   109.6    389.6   5868.7    fr     34.5   632,  701 
i_0_120/i_47/A->Z        NAND2                    92.7    175.6   6044.3    rf     44.3   632,  701 
i_0_120/i_45/C->Z        NOR3*                   109.6    389.6   6433.9    fr     34.5   632,  701 
i_0_120/i_44/A->Z        NAND2                    92.7    175.6   6609.5    rf     44.3   632,  701 
i_0_120/i_42/C->Z        NOR3*                   109.6    389.6   6999.1    fr     34.5   632,  701 
i_0_120/i_41/A->Z        NAND2                    92.7    175.6   7174.6    rf     44.3   632,  701 
i_0_120/i_39/C->Z        NOR3*                   109.6    389.6   7564.3    fr     34.5   632,  701 
i_0_120/i_38/A->Z        NAND2                    92.7    175.6   7739.8    rf     44.3   632,  701 
i_0_120/i_36/C->Z        NOR3*                   109.6    389.6   8129.4    fr     34.5   632,  701 
i_0_120/i_35/A->Z        NAND2                    92.7    175.6   8305.0    rf     44.3   632,  701 
i_0_120/i_33/C->Z        NOR3*                   109.6    390.2   8695.2    fr     34.7   632,  701 
i_0_120/i_31/B->Z        XNOR2                    92.7    306.6   9001.8    rf     13.0   632,  701 
i_0_15_165/A->Z          MUX2                     74.3    299.2   9301.0    ff     13.3   632,  701 
i_0_15_164/A->Z          MUX2                     55.7    289.5   9590.5    ff     13.5   632,  701 
round_reg_reg[32]/DATA   DFFC                     55.9      0.0   9590.5     f            632,  701 
----------------------------------------------------------------------------------------------------
