----------------------------------------------------------------------------------------------------
Startpoint: in_sample[3]
    (Clocked by rtDefaultClock R)
Endpoint: prod_reg_reg[23][26]/DATA
    (Clocked by clk R)
Path Group: default
Data required time: 11719.7
    (Clock shift: 12000.0, minus Uncertainty: 0.0, plus Latency 0.0, minus Setup time: 280.3)
Data arrival time: 10038.9
Slack: 1680.8
Logic depth: 48
----------------------------------------------------------------------------------------------------
                                                                 Arrival          Total             
Path                     Module/Cell              Slew    Delay     Time  Edge     Load     Location
                                                  (ps)     (ps)     (ps)           (ff)      (um,um)
----------------------------------------------------------------------------------------------------
in_sample[3]             {input_arrival}                    0.0      0.0     r   1590.1     0,  734 
i_0_2/i_223/A->Z         BUFI4                     0.0     60.8     60.8    rf     41.4   729,  814 
i_0_2/i_219/B->Z         AOI22*                   46.3    489.0    549.8    fr     76.3   729,  814 
i_0_2/i_218/A->Z         BUFI4                    92.7     78.6    628.4    rf     39.4   729,  814 
i_0_2/i_217/B->Z         AOI22*                   45.3    484.5   1112.9    fr     73.2   729,  814 
i_0_2/i_209/B->Z         XNOR2                    92.7    354.8   1467.7    rf     33.5   729,  814 
i_0_2/i_208/B->Z         NOR2                     97.9    158.2   1625.9    fr     21.5   729,  814 
i_0_2/i_207/A->Z         BUFI4                   101.8     74.2   1700.1    rf     32.7   729,  814 
i_0_2/i_74/B->Z          NAND2                    42.1    112.6   1812.6    fr     29.7   729,  814 
i_0_2/i_72/C->Z          AOI22*                   80.9    282.2   2094.8    rf     52.6   729,  814 
i_0_2/i_71/A->Z          BUFI4                    92.7     87.0   2181.8    fr     16.5   729,  814 
i_0_2/i_70/B->Z          NOR2                     42.4     60.5   2242.3    rf      9.6   729,  814 
i_0_2/i_67/A->Z          NOR3*                    49.7    432.7   2675.0    fr     32.7   729,  814 
i_0_2/i_65/A->Z          NOR2                     92.7     99.5   2774.5    rf     16.1   729,  814 
i_0_2/i_60/A->Z          NOR2                     56.8    187.9   2962.3    fr     32.1   729,  814 
i_0_2/i_59/A->Z          BUFI4                   129.2     65.8   3028.2    rf     20.4   729,  814 
i_0_2/i_56/C->Z          AOI22*                   36.2    312.4   3340.6    fr     33.1   729,  814 
i_0_2/i_55/A->Z          BUFI4                    92.7     61.3   3401.9    rf     20.4   729,  814 
i_0_2/i_52/C->Z          AOI22*                   36.2    336.4   3738.3    fr     41.7   729,  814 
i_0_2/i_51/A->Z          INV                      92.7     62.2   3800.5    rf     10.0   729,  814 
i_0_2/i_49/C->Z          AOI22*                   34.3    335.4   4135.9    fr     41.7   729,  814 
i_0_2/i_48/A->Z          INV                      92.7     62.2   4198.1    rf     10.0   729,  814 
i_0_2/i_46/C->Z          AOI22*                   34.3    311.3   4509.4    fr     33.1   729,  814 
i_0_2/i_45/A->Z          BUFI4                    92.7     61.3   4570.6    rf     20.3   729,  814 
i_0_2/i_44/D->Z          AOI22*                   36.1    342.3   4912.9    fr     33.1   729,  814 
i_0_2/i_43/A->Z          BUFI4                    92.7     61.3   4974.2    rf     20.4   729,  814 
i_0_2/i_40/C->Z          AOI22*                   36.2    312.3   5286.5    fr     33.1   729,  814 
i_0_2/i_39/A->Z          BUFI4                    92.7     61.3   5347.8    rf     20.3   729,  814 
i_0_2/i_38/D->Z          AOI22*                   36.1    366.3   5714.0    fr     41.7   729,  814 
i_0_2/i_37/A->Z          INV                      92.7     62.2   5776.2    rf     10.0   729,  814 
i_0_2/i_35/C->Z          AOI22*                   34.3    311.4   6087.7    fr     33.1   729,  814 
i_0_2/i_34/A->Z          BUFI4                    92.7     61.3   6149.0    rf     20.4   729,  814 
i_0_2/i_31/C->Z          AOI22*                   36.2    331.7   6480.7    fr     39.9   729,  814 
i_0_2/i_30/A->Z          INV                      92.7     62.1   6542.8    rf     10.0   729,  814 
i_0_2/i_29/D->Z          AOI22*                   34.2    341.1   6883.9    fr     33.1   729,  814 
i_0_2/i_28/A->Z          BUFI4                    92.7     61.3   6945.2    rf     20.3   729,  814 
i_0_2/i_27/D->Z          AOI22*                   36.1    366.3   7311.4    fr     41.7   729,  814 
i_0_2/i_26/A->Z          INV                      92.7     62.2   7373.6    rf     10.0   729,  814 
i_0_2/i_24/C->Z          AOI22*                   34.3    335.4   7709.0    fr     41.7   729,  814 
i_0_2/i_291/A->Z         INV                      92.7     62.2   7771.2    rf     10.0   729,  814 
i_0_2/i_278/C->Z         AOI22*                   34.3    303.3   8074.6    fr     30.6   729,  814 
i_0_2/i_269/C->Z         AOI22*                   92.7    238.3   8312.8    rf     33.1   729,  814 
i_0_2/i_262/C->Z         AOI22*                   92.7    366.1   8678.9    fr     41.7   729,  814 
i_0_2/i_261/A->Z         INV                      92.7     62.2   8741.1    rf     10.0   729,  814 
i_0_2/i_254/C->Z         AOI22*                   34.3    320.9   9062.0    fr     36.3   729,  814 
i_0_2/i_246/A->Z         NOR2                     92.7     88.1   9150.1    rf     10.0   729,  814 
i_0_2/i_245/C->Z         NOR3*                    50.2    282.1   9432.2    fr     17.3   729,  814 
i_0_2/i_244/B->Z         NOR2*                    83.5    297.2   9729.5    rf    116.5   729,  814 
i_24_0_26/A->Z           MUX2                     92.7    309.4  10038.9    ff     13.5   753, 1251 
prod_reg_reg[23][26]/DATA
                         DFFC                     55.9      0.0  10038.9     f            753, 1251 
----------------------------------------------------------------------------------------------------
