----------------------------------------------------------------------------------------------------
Startpoint: prod_reg_reg[8][1]/Q
    (Clocked by clk R)
Endpoint: z_reg[34][47]/DATA
    (Clocked by clk R)
Path Group: default
Data required time: 19719.7
    (Clock shift: 20000.0, minus Uncertainty: 0.0, plus Latency 0.0, minus Setup time: 280.3)
Data arrival time: 17680.6
Slack: 2039.1
Logic depth: 84
----------------------------------------------------------------------------------------------------
                                                                 Arrival          Total             
Path                     Module/Cell              Slew    Delay     Time  Edge     Load     Location
                                                  (ps)     (ps)     (ps)           (ff)      (um,um)
----------------------------------------------------------------------------------------------------
clk                      {create_clock}                     0.0      0.0     r      0.0   701, 1377 
prod_reg_reg[8][1]/CLK->Q
                         DFFC*                     0.0    895.0    895.0    rr    482.4  1025,  616 
i_63_63/i_224/A->Z       BUFI4                    92.7     61.0    956.0    rf     20.0  1308,  802 
i_63_63/i_214/A->Z       AOI22*                   36.0    354.5   1310.5    fr     28.9  1308,  802 
i_63_63/i_213/D->Z       AO22                     92.7    279.7   1590.2    rr     30.8  1308,  802 
i_63_63/i_211/C->Z       AO22                    125.7    290.4   1880.7    rr     30.7  1308,  802 
i_63_63/i_209/C->Z       AOI22*                  125.5    241.7   2122.3    rf     30.6  1308,  802 
i_63_63/i_206/C->Z       AOI22*                   92.7    342.2   2464.5    fr     33.1  1308,  802 
i_63_63/i_205/A->Z       BUFI4                    92.7     61.3   2525.8    rf     20.4  1308,  802 
i_63_63/i_202/C->Z       AOI22*                   36.2    304.3   2830.1    fr     30.6  1308,  802 
i_63_63/i_200/C->Z       AOI22*                   92.7    271.8   3101.9    rf     45.7  1308,  802 
i_63_63/i_199/B->Z       NAND2                    92.7    101.2   3203.1    fr     10.0  1308,  802 
i_63_63/i_197/A->Z       AOI22*                   55.1    258.3   3461.4    rf     30.6  1308,  802 
i_63_63/i_194/C->Z       AOI22*                   92.7    342.2   3803.5    fr     33.1  1308,  802 
i_63_63/i_193/A->Z       BUFI4                    92.7     61.3   3864.8    rf     20.4  1308,  802 
i_63_63/i_190/C->Z       AOI22*                   36.2    312.4   4177.2    fr     33.1  1308,  802 
i_63_63/i_189/A->Z       BUFI4                    92.7     61.3   4238.5    rf     20.4  1308,  802 
i_63_63/i_186/C->Z       AOI22*                   36.2    312.4   4551.0    fr     33.1  1308,  802 
i_63_63/i_185/A->Z       BUFI4                    92.7     61.3   4612.3    rf     20.4  1308,  802 
i_63_63/i_182/C->Z       AOI22*                   36.2    312.4   4924.7    fr     33.1  1308,  802 
i_63_63/i_181/A->Z       BUFI4                    92.7     61.3   4986.0    rf     20.4  1308,  802 
i_63_63/i_178/C->Z       AOI22*                   36.2    312.4   5298.4    fr     33.1  1308,  802 
i_63_63/i_177/A->Z       BUFI4                    92.7     61.3   5359.7    rf     20.4  1308,  802 
i_63_63/i_174/C->Z       AOI22*                   36.2    312.4   5672.2    fr     33.1  1308,  802 
i_63_63/i_173/A->Z       BUFI4                    92.7     61.3   5733.5    rf     20.4  1308,  802 
i_63_63/i_170/C->Z       AOI22*                   36.2    336.4   6069.8    fr     41.7  1308,  802 
i_63_63/i_169/A->Z       INV                      92.7     62.1   6131.9    rf     10.0  1308,  802 
i_63_63/i_168/D->Z       AOI22*                   34.2    341.1   6473.1    fr     33.1  1308,  802 
i_63_63/i_167/A->Z       BUFI4                    92.7     61.3   6534.3    rf     20.3  1308,  802 
i_63_63/i_166/D->Z       AOI22*                   36.1    342.3   6876.6    fr     33.1  1308,  802 
i_63_63/i_165/A->Z       BUFI4                    92.7     61.3   6937.9    rf     20.4  1308,  802 
i_63_63/i_162/C->Z       AOI22*                   36.2    312.4   7250.4    fr     33.1  1308,  802 
i_63_63/i_161/A->Z       BUFI4                    92.7     61.3   7311.7    rf     20.4  1308,  802 
i_63_63/i_158/C->Z       AOI22*                   36.2    312.4   7624.1    fr     33.1  1308,  802 
i_63_63/i_157/A->Z       BUFI4                    92.7     61.3   7685.4    rf     20.4  1308,  802 
i_63_63/i_154/C->Z       AOI22*                   36.2    312.4   7997.8    fr     33.1  1308,  802 
i_63_63/i_153/A->Z       BUFI4                    92.7     61.3   8059.1    rf     20.4  1308,  802 
i_63_63/i_150/C->Z       AOI22*                   36.2    312.4   8371.5    fr     33.1  1308,  802 
i_63_63/i_149/A->Z       BUFI4                    92.7     61.3   8432.8    rf     20.4  1308,  802 
i_63_63/i_146/C->Z       AOI22*                   36.2    312.4   8745.3    fr     33.1  1308,  802 
i_63_63/i_145/A->Z       BUFI4                    92.7     61.3   8806.6    rf     20.4  1308,  802 
i_63_63/i_142/C->Z       AOI22*                   36.2    312.4   9119.0    fr     33.1  1308,  802 
i_63_63/i_141/A->Z       BUFI4                    92.7     61.3   9180.3    rf     20.4  1308,  802 
i_63_63/i_138/C->Z       AOI22*                   36.2    312.4   9492.7    fr     33.1  1308,  802 
i_63_63/i_137/A->Z       BUFI4                    92.7     76.7   9569.4    rf     37.3  1308,  802 
i_63_63/i_134/A->Z       NAND2                    44.3     70.9   9640.3    fr     10.3  1308,  802 
i_63_63/i_132/C->Z       AOI22*                   55.5    217.1   9857.4    rf     30.6  1308,  802 
i_63_63/i_129/C->Z       AOI22*                   92.7    342.2  10199.6    fr     33.1  1308,  802 
i_63_63/i_128/A->Z       BUFI4                    92.7     61.3  10260.9    rf     20.4  1308,  802 
i_63_63/i_125/C->Z       AOI22*                   36.2    312.4  10573.3    fr     33.1  1308,  802 
i_63_63/i_124/A->Z       BUFI4                    92.7     61.3  10634.6    rf     20.4  1308,  802 
i_63_63/i_121/C->Z       AOI22*                   36.2    312.4  10947.0    fr     33.1  1308,  802 
i_63_63/i_120/A->Z       BUFI4                    92.7     61.3  11008.3    rf     20.4  1308,  802 
i_63_63/i_117/C->Z       AOI22*                   36.2    312.4  11320.7    fr     33.1  1308,  802 
i_63_63/i_116/A->Z       BUFI4                    92.7     61.3  11382.0    rf     20.4  1308,  802 
i_63_63/i_113/C->Z       AOI22*                   36.2    312.4  11694.5    fr     33.1  1308,  802 
i_63_63/i_112/A->Z       BUFI4                    92.7     61.3  11755.8    rf     20.4  1308,  802 
i_63_63/i_109/C->Z       AOI22*                   36.2    312.4  12068.2    fr     33.1  1308,  802 
i_63_63/i_108/A->Z       BUFI4                    92.7     61.3  12129.5    rf     20.4  1308,  802 
i_63_63/i_105/C->Z       AOI22*                   36.2    312.4  12441.9    fr     33.1  1308,  802 
i_63_63/i_104/A->Z       BUFI4                    92.7     61.3  12503.2    rf     20.4  1308,  802 
i_63_63/i_101/C->Z       AOI22*                   36.2    312.4  12815.6    fr     33.1  1308,  802 
i_63_63/i_100/A->Z       BUFI4                    92.7     76.7  12892.4    rf     37.3  1308,  802 
i_63_63/i_97/A->Z        NAND2                    44.3     70.9  12963.3    fr     10.3  1308,  802 
i_63_63/i_95/C->Z        AOI22*                   55.5    217.1  13180.3    rf     30.6  1308,  802 
i_63_63/i_92/C->Z        AOI22*                   92.7    342.2  13522.5    fr     33.1  1308,  802 
i_63_63/i_91/A->Z        BUFI4                    92.7     61.3  13583.8    rf     20.4  1308,  802 
i_63_63/i_88/C->Z        AOI22*                   36.2    312.4  13896.2    fr     33.1  1308,  802 
i_63_63/i_87/A->Z        BUFI4                    92.7     61.3  13957.5    rf     20.4  1308,  802 
i_63_63/i_84/C->Z        AOI22*                   36.2    312.4  14269.9    fr     33.1  1308,  802 
i_63_63/i_83/A->Z        BUFI4                    92.7     61.3  14331.2    rf     20.4  1308,  802 
i_63_63/i_80/C->Z        AOI22*                   36.2    312.4  14643.7    fr     33.1  1308,  802 
i_63_63/i_79/A->Z        BUFI4                    92.7     61.3  14705.0    rf     20.4  1308,  802 
i_63_63/i_76/C->Z        AOI22*                   36.2    312.4  15017.4    fr     33.1  1308,  802 
i_63_63/i_75/A->Z        BUFI4                    92.7     61.3  15078.7    rf     20.4  1308,  802 
i_63_63/i_72/C->Z        AOI22*                   36.2    312.4  15391.1    fr     33.1  1308,  802 
i_63_63/i_71/A->Z        BUFI4                    92.7     61.3  15452.4    rf     20.4  1308,  802 
i_63_63/i_68/C->Z        AOI22*                   36.2    312.4  15764.8    fr     33.1  1308,  802 
i_63_63/i_67/A->Z        BUFI4                    92.7     61.3  15826.1    rf     20.4  1308,  802 
i_63_63/i_64/C->Z        AOI22*                   36.2    312.4  16138.6    fr     33.1  1308,  802 
i_63_63/i_63/A->Z        BUFI4                    92.7     61.3  16199.9    rf     20.4  1308,  802 
i_63_63/i_60/C->Z        AOI22*                   36.2    312.4  16512.3    fr     33.1  1308,  802 
i_63_63/i_59/A->Z        BUFI4                    92.7     61.3  16573.6    rf     20.4  1308,  802 
i_63_63/i_56/C->Z        AOI22*                   36.2    258.8  16832.4    fr     19.8  1308,  802 
i_63_63/i_54/A->Z        XNOR2*                   83.5    538.7  17371.2    rf    165.7  1308,  802 
i_77_0_0/A->Z            MUX2                     92.7    309.4  17680.6    ff     13.5  1012,  425 
z_reg[34][47]/DATA       DFFC                     55.9      0.0  17680.6     f           1012,  425 
----------------------------------------------------------------------------------------------------
