----------------------------------------------------------------------------------------------------
Startpoint: in_sample[4]
    (Clocked by rtDefaultClock R)
Endpoint: prod_reg_reg[24][25]/DATA
    (Clocked by clk R)
Path Group: default
Data required time: 5719.7
    (Clock shift: 6000.0, minus Uncertainty: 0.0, plus Latency 0.0, minus Setup time: 280.3)
Data arrival time: 5706.2
Slack: 13.5
Logic depth: 26
----------------------------------------------------------------------------------------------------
                                                                 Arrival          Total             
Path                     Module/Cell              Slew    Delay     Time  Edge     Load     Location
                                                  (ps)     (ps)     (ps)           (ff)      (um,um)
----------------------------------------------------------------------------------------------------
in_sample[4]             {input_arrival}                    0.0      0.0     r   1855.8     0,  719 
i_0_3/i_365/A->Z         BUFI4                     0.0     80.0     80.0    rf     73.2   911, 1195 
i_0_3/i_329/A->Z         AOI22*                   62.0    426.2    506.2    fr     53.7   911, 1195 
i_0_3/i_328/B->Z         XNOR2                    92.7    351.7    857.9    rf     32.2   911, 1195 
i_0_3/i_327/A->Z         BUFI4                    96.4     92.4    950.2    fr     20.0   911, 1195 
i_0_3/i_325/B->Z         AOI22*                   45.1    254.0   1204.3    rf     28.8   911, 1195 
i_0_3/i_324/D->Z         AOI22*                   92.7    397.1   1601.4    fr     41.7   911, 1195 
i_0_3/i_323/A->Z         INV                      92.7     62.1   1663.5    rf     10.0   911, 1195 
i_0_3/i_322/D->Z         AOI22*                   34.2    352.8   2016.3    fr     37.0   911, 1195 
i_0_3/i_321/B->Z         NOR2                     92.7     89.8   2106.1    rf     21.5   911, 1195 
i_0_3/i_320/A->Z         BUFI4                    62.7     84.4   2190.5    fr     26.1   911, 1195 
i_0_3/i_315/C->Z         NAND3*                   49.8    204.4   2394.9    rf     17.0   911, 1195 
i_0_3/i_314/B->Z         NAND2                   126.1    164.4   2559.3    fr     38.1   911, 1195 
i_0_3/i_313/A->Z         BUFI4                    92.0     68.7   2628.0    rf     28.6   911, 1195 
i_0_3/i_292/C->Z         NAND3                    40.1    132.5   2760.5    fr     10.2   911, 1195 
i_0_3/i_286/C->Z         NAND3*                   98.0    323.6   3084.1    rf     51.2   911, 1195 
i_0_3/i_285/A->Z         BUFI4                    92.7     91.1   3175.2    fr     20.3   911, 1195 
i_0_3/i_238/C->Z         NOR3                     45.3     78.6   3253.8    rf     10.4   911, 1195 
i_0_3/i_225/C->Z         NOR3*                    69.5    358.7   3612.4    fr     32.2   911, 1195 
i_0_3/i_159/C->Z         NOR3                     92.7     88.5   3701.0    rf     10.4   911, 1195 
i_0_3/i_146/C->Z         NOR3*                    69.5    418.1   4119.0    fr     56.9   911, 1195 
i_0_3/i_103/C->Z         NOR3                     92.7     88.5   4207.5    rf     10.4   911, 1195 
i_0_3/i_90/C->Z          NOR3*                    69.5    382.9   4590.4    fr     40.6   911, 1195 
i_0_3/i_80/C->Z          NOR3*                    92.7    120.7   4711.1    rf     16.5   911, 1195 
i_0_3/i_74/A->Z          NOR2                     83.5    156.5   4867.7    fr     19.1   911, 1195 
i_0_3/i_72/A->Z          XNOR2*                   95.3    529.2   5396.8    rf    148.6   911, 1195 
i_24_0_79/A->Z           MUX2                     92.7    309.4   5706.2    ff     13.5   401, 1106 
prod_reg_reg[24][25]/DATA
                         DFFC                     55.9      0.0   5706.2     f            401, 1106 
----------------------------------------------------------------------------------------------------
