----------------------------------------------------------------------------------------------------
Startpoint: z_reg[0][47]/Q
    (Clocked by clk R)
Endpoint: round_reg_reg[32]/DATA
    (Clocked by clk R)
Path Group: default
Data required time: 7719.7
    (Clock shift: 8000.0, minus Uncertainty: 0.0, plus Latency 0.0, minus Setup time: 280.3)
Data arrival time: 7647.4
Slack: 72.3
Logic depth: 24
----------------------------------------------------------------------------------------------------
                                                                 Arrival          Total             
Path                     Module/Cell              Slew    Delay     Time  Edge     Load     Location
                                                  (ps)     (ps)     (ps)           (ff)      (um,um)
----------------------------------------------------------------------------------------------------
clk                      {create_clock}                     0.0      0.0     r      0.0     0,  438 
z_reg[0][47]/CLK->Q      DFFC*                     0.0   1012.9   1012.9    rf   1871.0   223,  782 
i_0_15_60/SEL->Z         MUX2                     92.7    284.4   1297.3    fr     17.1   763,  743 
i_0_119/i_180/B->Z       NAND2                    49.6    104.2   1401.4    rf     16.1   763,  743 
i_0_119/i_179/A->Z       NOR2                     63.2    210.0   1611.5    fr     39.2   763,  743 
i_0_119/i_32/A->Z        NAND4                   147.8    304.4   1915.9    rf     39.2   763,  743 
i_0_119/i_27/A->Z        NAND2                   212.9    197.2   2113.1    fr     49.4   763,  743 
i_0_119/i_23/A->Z        BUFI4                   106.9    109.6   2222.8    rf     72.8   763,  743 
i_0_119/i_19/B->Z        NOR2                     61.8    278.7   2501.5    fr     69.8   763,  743 
i_0_119/i_14/A->Z        NOR2                    227.9    195.3   2696.8    rf     53.7   763,  743 
i_0_120/i_138/A->Z       BUFI4                    97.6     88.7   2785.5    fr     16.3   763,  743 
i_0_120/i_136/A->Z       NAND2                    42.3    143.5   2929.1    rf     38.3   763,  743 
i_0_120/i_135/B->Z       NOR2                     99.6    335.4   3264.4    fr     82.7   763,  743 
i_0_120/i_80/A->Z        NAND4*                  261.6    432.4   3696.9    rf     68.4   763,  743 
i_0_120/i_75/D->Z        NOR4*                    92.7    382.5   4079.3    fr     67.7   763,  743 
i_0_120/i_70/A->Z        NAND4*                   92.7    365.0   4444.4    rf     68.4   763,  743 
i_0_120/i_65/D->Z        NOR4*                    92.7    382.5   4826.8    fr     67.7   763,  743 
i_0_120/i_60/A->Z        NAND4*                   92.7    365.0   5191.8    rf     68.4   763,  743 
i_0_120/i_55/D->Z        NOR4*                    92.7    382.5   5574.3    fr     67.7   763,  743 
i_0_120/i_50/A->Z        NAND4*                   92.7    365.0   5939.3    rf     68.4   763,  743 
i_0_120/i_45/D->Z        NOR4*                    92.7    382.5   6321.7    fr     67.7   763,  743 
i_0_120/i_40/A->Z        NAND4                    92.7    321.7   6643.4    rf     51.3   763,  743 
i_0_120/i_34/D->Z        NOR4*                   248.4    335.6   6979.0    fr     16.9   763,  743 
i_0_120/i_33/A->Z        NOR2                     83.5     91.1   7070.0    rf     12.9   763,  743 
i_0_15_165/A->Z          MUX2                     53.3    287.9   7357.9    ff     13.3   763,  743 
i_0_15_164/A->Z          MUX2                     55.7    289.5   7647.4    ff     13.5   763,  743 
round_reg_reg[32]/DATA   DFFC                     55.9      0.0   7647.4     f            763,  743 
----------------------------------------------------------------------------------------------------
