----------------------------------------------------------------------------------------------------
Startpoint: in_sample[1]
    (Clocked by rtDefaultClock R)
Endpoint: prod_reg_reg[13][24]/DATA
    (Clocked by clk R)
Path Group: default
Data required time: 8719.7
    (Clock shift: 9000.0, minus Uncertainty: 0.0, plus Latency 0.0, minus Setup time: 280.3)
Data arrival time: 8193.4
Slack: 526.3
Logic depth: 38
----------------------------------------------------------------------------------------------------
                                                                 Arrival          Total             
Path                     Module/Cell              Slew    Delay     Time  Edge     Load     Location
                                                  (ps)     (ps)     (ps)           (ff)      (um,um)
----------------------------------------------------------------------------------------------------
in_sample[1]             {input_arrival}                    0.0      0.0     r   1438.3   745,    0 
i_0_7/i_173/A->Z         BUFI4                     0.0    101.9    101.9    rf    108.6   490,  919 
i_0_7/i_169/B->Z         NOR2                     79.7    178.3    280.3    fr     31.6   490,  919 
i_0_7/i_161/C->Z         NOR3                    127.9     93.9    374.1    rf     10.0   490,  919 
i_0_7/i_159/A->Z         NOR3*                    68.6    393.9    768.1    fr     22.0   490,  919 
i_0_7/i_158/A->Z         INV                      83.5     60.6    828.6    rf     10.0   490,  919 
i_0_7/i_157/D->Z         AOI22*                   34.2    333.2   1161.8    fr     30.6   490,  919 
i_0_7/i_74/C->Z          AOI22*                   92.7    230.2   1392.0    rf     30.6   490,  919 
i_0_7/i_71/C->Z          AOI22*                   92.7    334.1   1726.0    fr     30.6   490,  919 
i_0_7/i_69/C->Z          AOI22*                   92.7    257.6   1983.6    rf     39.9   490,  919 
i_0_7/i_68/A->Z          INV                      92.7     75.4   2059.0    fr     10.0   490,  919 
i_0_7/i_67/D->Z          AOI22*                   37.9    211.4   2270.4    rf     28.8   490,  919 
i_0_7/i_66/D->Z          AOI22*                   92.7    373.0   2643.4    fr     33.1   490,  919 
i_0_7/i_65/A->Z          BUFI4                    92.7     61.3   2704.7    rf     20.3   490,  919 
i_0_7/i_64/D->Z          AOI22*                   36.1    366.3   3070.9    fr     41.7   490,  919 
i_0_7/i_63/A->Z          INV                      92.7     62.2   3133.1    rf     10.0   490,  919 
i_0_7/i_61/C->Z          AOI22*                   34.3    311.3   3444.4    fr     33.1   490,  919 
i_0_7/i_60/A->Z          BUFI4                    92.7     61.3   3505.7    rf     20.3   490,  919 
i_0_7/i_59/D->Z          AOI22*                   36.1    342.2   3847.8    fr     33.1   490,  919 
i_0_7/i_58/A->Z          BUFI4                    92.7     61.3   3909.1    rf     20.3   490,  919 
i_0_7/i_57/D->Z          AOI22*                   36.1    342.2   4251.3    fr     33.1   490,  919 
i_0_7/i_56/A->Z          BUFI4                    92.7     61.3   4312.5    rf     20.3   490,  919 
i_0_7/i_55/D->Z          AOI22*                   36.1    342.2   4654.7    fr     33.1   490,  919 
i_0_7/i_54/A->Z          BUFI4                    92.7     61.3   4716.0    rf     20.3   490,  919 
i_0_7/i_53/D->Z          AOI22*                   36.1    342.3   5058.3    fr     33.1   490,  919 
i_0_7/i_52/A->Z          BUFI4                    92.7     61.3   5119.6    rf     20.4   490,  919 
i_0_7/i_49/C->Z          AOI22*                   36.2    312.4   5432.0    fr     33.1   490,  919 
i_0_7/i_48/A->Z          BUFI4                    92.7     61.3   5493.3    rf     20.4   490,  919 
i_0_7/i_45/C->Z          AOI22*                   36.2    336.4   5829.7    fr     41.7   490,  919 
i_0_7/i_44/A->Z          INV                      92.7     62.2   5891.9    rf     10.0   490,  919 
i_0_7/i_42/C->Z          AOI22*                   34.3    335.4   6227.2    fr     41.7   490,  919 
i_0_7/i_41/A->Z          INV                      92.7     62.2   6289.4    rf     10.0   490,  919 
i_0_7/i_39/C->Z          AOI22*                   34.3    335.4   6624.8    fr     41.7   490,  919 
i_0_7/i_38/A->Z          INV                      92.7     62.2   6687.0    rf     10.0   490,  919 
i_0_7/i_36/C->Z          AOI22*                   34.3    335.4   7022.4    fr     41.7   490,  919 
i_0_7/i_35/A->Z          INV                      92.7     62.2   7084.6    rf     10.0   490,  919 
i_0_7/i_33/C->Z          AOI22*                   34.3    257.9   7342.4    fr     19.8   490,  919 
i_0_7/i_31/A->Z          XNOR2                    83.5    484.0   7826.4    rf    128.8   490,  919 
i_18_0_23/A->Z           MUX2                    195.5    366.9   8193.4    ff     13.5   769,  684 
prod_reg_reg[13][24]/DATA
                         DFFC                     55.9      0.0   8193.4     f            769,  684 
----------------------------------------------------------------------------------------------------
